{"/home/runner/work/water-tracker-hydration/water-tracker-hydration/stores/backup.ts": {"path":"/home/runner/work/water-tracker-hydration/water-tracker-hydration/stores/backup.ts","statementMap":{"0":{"start":{"line":43,"column":30},"end":{"line":262,"column":3}},"1":{"start":{"line":43,"column":65},"end":{"line":262,"column":1}},"2":{"start":{"line":49,"column":4},"end":{"line":49,"column":29}},"3":{"start":{"line":50,"column":4},"end":{"line":82,"column":5}},"4":{"start":{"line":51,"column":26},"end":{"line":51,"column":46}},"5":{"start":{"line":52,"column":6},"end":{"line":55,"column":7}},"6":{"start":{"line":53,"column":8},"end":{"line":53,"column":34}},"7":{"start":{"line":54,"column":8},"end":{"line":54,"column":21}},"8":{"start":{"line":58,"column":23},"end":{"line":58,"column":88}},"9":{"start":{"line":59,"column":22},"end":{"line":59,"column":66}},"10":{"start":{"line":61,"column":6},"end":{"line":61,"column":64}},"11":{"start":{"line":64,"column":23},"end":{"line":64,"column":55}},"12":{"start":{"line":65,"column":6},"end":{"line":71,"column":7}},"13":{"start":{"line":66,"column":8},"end":{"line":70,"column":11}},"14":{"start":{"line":73,"column":6},"end":{"line":73,"column":74}},"15":{"start":{"line":74,"column":6},"end":{"line":74,"column":18}},"16":{"start":{"line":76,"column":6},"end":{"line":79,"column":9}},"17":{"start":{"line":80,"column":6},"end":{"line":80,"column":32}},"18":{"start":{"line":81,"column":6},"end":{"line":81,"column":19}},"19":{"start":{"line":86,"column":4},"end":{"line":86,"column":29}},"20":{"start":{"line":87,"column":4},"end":{"line":119,"column":5}},"21":{"start":{"line":88,"column":25},"end":{"line":88,"column":44}},"22":{"start":{"line":89,"column":6},"end":{"line":92,"column":7}},"23":{"start":{"line":90,"column":8},"end":{"line":90,"column":34}},"24":{"start":{"line":91,"column":8},"end":{"line":91,"column":21}},"25":{"start":{"line":95,"column":23},"end":{"line":95,"column":85}},"26":{"start":{"line":96,"column":22},"end":{"line":96,"column":66}},"27":{"start":{"line":98,"column":6},"end":{"line":98,"column":63}},"28":{"start":{"line":101,"column":23},"end":{"line":101,"column":55}},"29":{"start":{"line":102,"column":6},"end":{"line":108,"column":7}},"30":{"start":{"line":103,"column":8},"end":{"line":107,"column":11}},"31":{"start":{"line":110,"column":6},"end":{"line":110,"column":32}},"32":{"start":{"line":111,"column":6},"end":{"line":111,"column":18}},"33":{"start":{"line":113,"column":6},"end":{"line":116,"column":9}},"34":{"start":{"line":117,"column":6},"end":{"line":117,"column":32}},"35":{"start":{"line":118,"column":6},"end":{"line":118,"column":19}},"36":{"start":{"line":123,"column":4},"end":{"line":123,"column":29}},"37":{"start":{"line":124,"column":4},"end":{"line":151,"column":5}},"38":{"start":{"line":126,"column":21},"end":{"line":129,"column":8}},"39":{"start":{"line":131,"column":6},"end":{"line":134,"column":7}},"40":{"start":{"line":132,"column":8},"end":{"line":132,"column":34}},"41":{"start":{"line":133,"column":8},"end":{"line":133,"column":21}},"42":{"start":{"line":137,"column":26},"end":{"line":137,"column":82}},"43":{"start":{"line":140,"column":22},"end":{"line":140,"column":55}},"44":{"start":{"line":142,"column":6},"end":{"line":142,"column":32}},"45":{"start":{"line":143,"column":6},"end":{"line":143,"column":21}},"46":{"start":{"line":145,"column":6},"end":{"line":148,"column":9}},"47":{"start":{"line":149,"column":6},"end":{"line":149,"column":32}},"48":{"start":{"line":150,"column":6},"end":{"line":150,"column":19}},"49":{"start":{"line":155,"column":4},"end":{"line":155,"column":29}},"50":{"start":{"line":156,"column":4},"end":{"line":183,"column":5}},"51":{"start":{"line":158,"column":21},"end":{"line":161,"column":8}},"52":{"start":{"line":163,"column":6},"end":{"line":166,"column":7}},"53":{"start":{"line":164,"column":8},"end":{"line":164,"column":34}},"54":{"start":{"line":165,"column":8},"end":{"line":165,"column":21}},"55":{"start":{"line":169,"column":26},"end":{"line":169,"column":82}},"56":{"start":{"line":172,"column":22},"end":{"line":172,"column":54}},"57":{"start":{"line":174,"column":6},"end":{"line":174,"column":32}},"58":{"start":{"line":175,"column":6},"end":{"line":175,"column":21}},"59":{"start":{"line":177,"column":6},"end":{"line":180,"column":9}},"60":{"start":{"line":181,"column":6},"end":{"line":181,"column":32}},"61":{"start":{"line":182,"column":6},"end":{"line":182,"column":19}},"62":{"start":{"line":187,"column":4},"end":{"line":200,"column":5}},"63":{"start":{"line":188,"column":22},"end":{"line":188,"column":46}},"64":{"start":{"line":189,"column":6},"end":{"line":192,"column":7}},"65":{"start":{"line":190,"column":8},"end":{"line":190,"column":58}},"66":{"start":{"line":191,"column":8},"end":{"line":191,"column":38}},"67":{"start":{"line":193,"column":6},"end":{"line":193,"column":21}},"68":{"start":{"line":195,"column":6},"end":{"line":198,"column":9}},"69":{"start":{"line":199,"column":6},"end":{"line":199,"column":19}},"70":{"start":{"line":204,"column":4},"end":{"line":212,"column":5}},"71":{"start":{"line":205,"column":22},"end":{"line":205,"column":44}},"72":{"start":{"line":206,"column":6},"end":{"line":206,"column":36}},"73":{"start":{"line":208,"column":6},"end":{"line":211,"column":9}},"74":{"start":{"line":216,"column":4},"end":{"line":216,"column":29}},"75":{"start":{"line":217,"column":4},"end":{"line":228,"column":5}},"76":{"start":{"line":218,"column":22},"end":{"line":218,"column":56}},"77":{"start":{"line":219,"column":6},"end":{"line":219,"column":32}},"78":{"start":{"line":220,"column":6},"end":{"line":220,"column":21}},"79":{"start":{"line":222,"column":6},"end":{"line":225,"column":9}},"80":{"start":{"line":226,"column":6},"end":{"line":226,"column":32}},"81":{"start":{"line":227,"column":6},"end":{"line":227,"column":19}},"82":{"start":{"line":232,"column":4},"end":{"line":232,"column":29}},"83":{"start":{"line":233,"column":4},"end":{"line":244,"column":5}},"84":{"start":{"line":234,"column":21},"end":{"line":234,"column":41}},"85":{"start":{"line":235,"column":6},"end":{"line":235,"column":74}},"86":{"start":{"line":236,"column":6},"end":{"line":236,"column":20}},"87":{"start":{"line":238,"column":6},"end":{"line":241,"column":9}},"88":{"start":{"line":242,"column":6},"end":{"line":242,"column":32}},"89":{"start":{"line":243,"column":6},"end":{"line":243,"column":18}},"90":{"start":{"line":248,"column":4},"end":{"line":248,"column":29}},"91":{"start":{"line":249,"column":4},"end":{"line":260,"column":5}},"92":{"start":{"line":250,"column":22},"end":{"line":250,"column":49}},"93":{"start":{"line":251,"column":6},"end":{"line":251,"column":32}},"94":{"start":{"line":252,"column":6},"end":{"line":252,"column":21}},"95":{"start":{"line":254,"column":6},"end":{"line":257,"column":9}},"96":{"start":{"line":258,"column":6},"end":{"line":258,"column":32}},"97":{"start":{"line":259,"column":6},"end":{"line":259,"column":19}}},"fnMap":{"0":{"name":"(anonymous_0)","decl":{"start":{"line":43,"column":50},"end":{"line":43,"column":51}},"loc":{"start":{"line":43,"column":65},"end":{"line":262,"column":1}},"line":43},"1":{"name":"(anonymous_1)","decl":{"start":{"line":48,"column":20},"end":{"line":48,"column":21}},"loc":{"start":{"line":48,"column":32},"end":{"line":83,"column":3}},"line":48},"2":{"name":"(anonymous_2)","decl":{"start":{"line":85,"column":19},"end":{"line":85,"column":20}},"loc":{"start":{"line":85,"column":31},"end":{"line":120,"column":3}},"line":85},"3":{"name":"(anonymous_3)","decl":{"start":{"line":122,"column":22},"end":{"line":122,"column":23}},"loc":{"start":{"line":122,"column":34},"end":{"line":152,"column":3}},"line":122},"4":{"name":"(anonymous_4)","decl":{"start":{"line":154,"column":21},"end":{"line":154,"column":22}},"loc":{"start":{"line":154,"column":33},"end":{"line":184,"column":3}},"line":154},"5":{"name":"(anonymous_5)","decl":{"start":{"line":186,"column":25},"end":{"line":186,"column":26}},"loc":{"start":{"line":186,"column":37},"end":{"line":201,"column":3}},"line":186},"6":{"name":"(anonymous_6)","decl":{"start":{"line":203,"column":19},"end":{"line":203,"column":20}},"loc":{"start":{"line":203,"column":31},"end":{"line":213,"column":3}},"line":203},"7":{"name":"(anonymous_7)","decl":{"start":{"line":215,"column":25},"end":{"line":215,"column":26}},"loc":{"start":{"line":215,"column":54},"end":{"line":229,"column":3}},"line":215},"8":{"name":"(anonymous_8)","decl":{"start":{"line":231,"column":22},"end":{"line":231,"column":23}},"loc":{"start":{"line":231,"column":34},"end":{"line":245,"column":3}},"line":231},"9":{"name":"(anonymous_9)","decl":{"start":{"line":247,"column":21},"end":{"line":247,"column":22}},"loc":{"start":{"line":247,"column":51},"end":{"line":261,"column":3}},"line":247}},"branchMap":{"0":{"loc":{"start":{"line":52,"column":6},"end":{"line":55,"column":7}},"type":"if","locations":[{"start":{"line":52,"column":6},"end":{"line":55,"column":7}},{"start":{},"end":{}}],"line":52},"1":{"loc":{"start":{"line":65,"column":6},"end":{"line":71,"column":7}},"type":"if","locations":[{"start":{"line":65,"column":6},"end":{"line":71,"column":7}},{"start":{},"end":{}}],"line":65},"2":{"loc":{"start":{"line":89,"column":6},"end":{"line":92,"column":7}},"type":"if","locations":[{"start":{"line":89,"column":6},"end":{"line":92,"column":7}},{"start":{},"end":{}}],"line":89},"3":{"loc":{"start":{"line":102,"column":6},"end":{"line":108,"column":7}},"type":"if","locations":[{"start":{"line":102,"column":6},"end":{"line":108,"column":7}},{"start":{},"end":{}}],"line":102},"4":{"loc":{"start":{"line":131,"column":6},"end":{"line":134,"column":7}},"type":"if","locations":[{"start":{"line":131,"column":6},"end":{"line":134,"column":7}},{"start":{},"end":{}}],"line":131},"5":{"loc":{"start":{"line":131,"column":10},"end":{"line":131,"column":73}},"type":"binary-expr","locations":[{"start":{"line":131,"column":10},"end":{"line":131,"column":25}},{"start":{"line":131,"column":29},"end":{"line":131,"column":43}},{"start":{"line":131,"column":47},"end":{"line":131,"column":73}}],"line":131},"6":{"loc":{"start":{"line":163,"column":6},"end":{"line":166,"column":7}},"type":"if","locations":[{"start":{"line":163,"column":6},"end":{"line":166,"column":7}},{"start":{},"end":{}}],"line":163},"7":{"loc":{"start":{"line":163,"column":10},"end":{"line":163,"column":73}},"type":"binary-expr","locations":[{"start":{"line":163,"column":10},"end":{"line":163,"column":25}},{"start":{"line":163,"column":29},"end":{"line":163,"column":43}},{"start":{"line":163,"column":47},"end":{"line":163,"column":73}}],"line":163},"8":{"loc":{"start":{"line":189,"column":6},"end":{"line":192,"column":7}},"type":"if","locations":[{"start":{"line":189,"column":6},"end":{"line":192,"column":7}},{"start":{},"end":{}}],"line":189}},"s":{"0":0,"1":0,"2":0,"3":0,"4":0,"5":0,"6":0,"7":0,"8":0,"9":0,"10":0,"11":0,"12":0,"13":0,"14":0,"15":0,"16":0,"17":0,"18":0,"19":0,"20":0,"21":0,"22":0,"23":0,"24":0,"25":0,"26":0,"27":0,"28":0,"29":0,"30":0,"31":0,"32":0,"33":0,"34":0,"35":0,"36":0,"37":0,"38":0,"39":0,"40":0,"41":0,"42":0,"43":0,"44":0,"45":0,"46":0,"47":0,"48":0,"49":0,"50":0,"51":0,"52":0,"53":0,"54":0,"55":0,"56":0,"57":0,"58":0,"59":0,"60":0,"61":0,"62":0,"63":0,"64":0,"65":0,"66":0,"67":0,"68":0,"69":0,"70":0,"71":0,"72":0,"73":0,"74":0,"75":0,"76":0,"77":0,"78":0,"79":0,"80":0,"81":0,"82":0,"83":0,"84":0,"85":0,"86":0,"87":0,"88":0,"89":0,"90":0,"91":0,"92":0,"93":0,"94":0,"95":0,"96":0,"97":0},"f":{"0":0,"1":0,"2":0,"3":0,"4":0,"5":0,"6":0,"7":0,"8":0,"9":0},"b":{"0":[0,0],"1":[0,0],"2":[0,0],"3":[0,0],"4":[0,0],"5":[0,0,0],"6":[0,0],"7":[0,0,0],"8":[0,0]}}
,"/home/runner/work/water-tracker-hydration/water-tracker-hydration/stores/gamification.ts": {"path":"/home/runner/work/water-tracker-hydration/water-tracker-hydration/stores/gamification.ts","statementMap":{"0":{"start":{"line":60,"column":19},"end":{"line":60,"column":37}},"1":{"start":{"line":62,"column":43},"end":{"line":140,"column":1}},"2":{"start":{"line":142,"column":36},"end":{"line":348,"column":3}},"3":{"start":{"line":142,"column":77},"end":{"line":348,"column":1}},"4":{"start":{"line":148,"column":4},"end":{"line":191,"column":5}},"5":{"start":{"line":149,"column":19},"end":{"line":149,"column":57}},"6":{"start":{"line":150,"column":6},"end":{"line":180,"column":7}},"7":{"start":{"line":151,"column":27},"end":{"line":151,"column":43}},"8":{"start":{"line":153,"column":8},"end":{"line":172,"column":9}},"9":{"start":{"line":154,"column":37},"end":{"line":159,"column":12}},"10":{"start":{"line":155,"column":29},"end":{"line":157,"column":13}},"11":{"start":{"line":156,"column":34},"end":{"line":156,"column":56}},"12":{"start":{"line":158,"column":12},"end":{"line":158,"column":42}},"13":{"start":{"line":161,"column":10},"end":{"line":165,"column":13}},"14":{"start":{"line":167,"column":10},"end":{"line":170,"column":13}},"15":{"start":{"line":171,"column":10},"end":{"line":171,"column":52}},"16":{"start":{"line":174,"column":8},"end":{"line":178,"column":11}},"17":{"start":{"line":179,"column":8},"end":{"line":179,"column":36}},"18":{"start":{"line":182,"column":6},"end":{"line":185,"column":9}},"19":{"start":{"line":186,"column":6},"end":{"line":190,"column":9}},"20":{"start":{"line":195,"column":4},"end":{"line":268,"column":5}},"21":{"start":{"line":196,"column":27},"end":{"line":196,"column":59}},"22":{"start":{"line":197,"column":28},"end":{"line":197,"column":76}},"23":{"start":{"line":198,"column":26},"end":{"line":198,"column":72}},"24":{"start":{"line":199,"column":27},"end":{"line":199,"column":74}},"25":{"start":{"line":200,"column":27},"end":{"line":200,"column":74}},"26":{"start":{"line":201,"column":25},"end":{"line":201,"column":75}},"27":{"start":{"line":203,"column":6},"end":{"line":203,"column":32}},"28":{"start":{"line":203,"column":25},"end":{"line":203,"column":32}},"29":{"start":{"line":205,"column":34},"end":{"line":205,"column":52}},"30":{"start":{"line":206,"column":34},"end":{"line":206,"column":58}},"31":{"start":{"line":207,"column":18},"end":{"line":207,"column":42}},"32":{"start":{"line":210,"column":23},"end":{"line":210,"column":24}},"33":{"start":{"line":211,"column":6},"end":{"line":213,"column":9}},"34":{"start":{"line":212,"column":8},"end":{"line":212,"column":47}},"35":{"start":{"line":216,"column":71},"end":{"line":232,"column":7}},"36":{"start":{"line":231,"column":28},"end":{"line":231,"column":54}},"37":{"start":{"line":235,"column":23},"end":{"line":235,"column":28}},"38":{"start":{"line":236,"column":6},"end":{"line":257,"column":9}},"39":{"start":{"line":237,"column":8},"end":{"line":256,"column":9}},"40":{"start":{"line":241,"column":10},"end":{"line":245,"column":12}},"41":{"start":{"line":246,"column":10},"end":{"line":246,"column":28}},"42":{"start":{"line":249,"column":10},"end":{"line":255,"column":13}},"43":{"start":{"line":259,"column":6},"end":{"line":262,"column":7}},"44":{"start":{"line":260,"column":8},"end":{"line":260,"column":69}},"45":{"start":{"line":261,"column":8},"end":{"line":261,"column":36}},"46":{"start":{"line":264,"column":6},"end":{"line":267,"column":9}},"47":{"start":{"line":272,"column":4},"end":{"line":272,"column":58}},"48":{"start":{"line":272,"column":44},"end":{"line":272,"column":56}},"49":{"start":{"line":276,"column":4},"end":{"line":276,"column":59}},"50":{"start":{"line":276,"column":44},"end":{"line":276,"column":57}},"51":{"start":{"line":282,"column":4},"end":{"line":298,"column":5}},"52":{"start":{"line":283,"column":44},"end":{"line":288,"column":7}},"53":{"start":{"line":290,"column":28},"end":{"line":290,"column":69}},"54":{"start":{"line":291,"column":6},"end":{"line":291,"column":29}},"55":{"start":{"line":292,"column":6},"end":{"line":292,"column":34}},"56":{"start":{"line":294,"column":6},"end":{"line":297,"column":9}},"57":{"start":{"line":302,"column":4},"end":{"line":313,"column":5}},"58":{"start":{"line":303,"column":28},"end":{"line":305,"column":7}},"59":{"start":{"line":304,"column":8},"end":{"line":304,"column":58}},"60":{"start":{"line":306,"column":6},"end":{"line":306,"column":29}},"61":{"start":{"line":307,"column":6},"end":{"line":307,"column":34}},"62":{"start":{"line":309,"column":6},"end":{"line":312,"column":9}},"63":{"start":{"line":317,"column":4},"end":{"line":317,"column":54}},"64":{"start":{"line":317,"column":45},"end":{"line":317,"column":52}},"65":{"start":{"line":321,"column":4},"end":{"line":329,"column":5}},"66":{"start":{"line":322,"column":6},"end":{"line":322,"column":33}},"67":{"start":{"line":323,"column":6},"end":{"line":323,"column":34}},"68":{"start":{"line":325,"column":6},"end":{"line":328,"column":9}},"69":{"start":{"line":333,"column":4},"end":{"line":346,"column":5}},"70":{"start":{"line":334,"column":20},"end":{"line":334,"column":25}},"71":{"start":{"line":335,"column":19},"end":{"line":339,"column":7}},"72":{"start":{"line":340,"column":6},"end":{"line":340,"column":67}},"73":{"start":{"line":342,"column":6},"end":{"line":345,"column":9}}},"fnMap":{"0":{"name":"(anonymous_0)","decl":{"start":{"line":142,"column":62},"end":{"line":142,"column":63}},"loc":{"start":{"line":142,"column":77},"end":{"line":348,"column":1}},"line":142},"1":{"name":"(anonymous_1)","decl":{"start":{"line":147,"column":19},"end":{"line":147,"column":20}},"loc":{"start":{"line":147,"column":31},"end":{"line":192,"column":3}},"line":147},"2":{"name":"(anonymous_2)","decl":{"start":{"line":154,"column":61},"end":{"line":154,"column":62}},"loc":{"start":{"line":154,"column":77},"end":{"line":159,"column":11}},"line":154},"3":{"name":"(anonymous_3)","decl":{"start":{"line":156,"column":14},"end":{"line":156,"column":15}},"loc":{"start":{"line":156,"column":34},"end":{"line":156,"column":56}},"line":156},"4":{"name":"(anonymous_4)","decl":{"start":{"line":194,"column":30},"end":{"line":194,"column":31}},"loc":{"start":{"line":194,"column":42},"end":{"line":269,"column":3}},"line":194},"5":{"name":"(anonymous_5)","decl":{"start":{"line":211,"column":42},"end":{"line":211,"column":43}},"loc":{"start":{"line":211,"column":51},"end":{"line":213,"column":7}},"line":211},"6":{"name":"(anonymous_6)","decl":{"start":{"line":231,"column":19},"end":{"line":231,"column":20}},"loc":{"start":{"line":231,"column":28},"end":{"line":231,"column":54}},"line":231},"7":{"name":"(anonymous_7)","decl":{"start":{"line":236,"column":34},"end":{"line":236,"column":35}},"loc":{"start":{"line":236,"column":58},"end":{"line":257,"column":7}},"line":236},"8":{"name":"(anonymous_8)","decl":{"start":{"line":271,"column":27},"end":{"line":271,"column":28}},"loc":{"start":{"line":271,"column":33},"end":{"line":273,"column":3}},"line":271},"9":{"name":"(anonymous_9)","decl":{"start":{"line":272,"column":37},"end":{"line":272,"column":38}},"loc":{"start":{"line":272,"column":44},"end":{"line":272,"column":56}},"line":272},"10":{"name":"(anonymous_10)","decl":{"start":{"line":275,"column":25},"end":{"line":275,"column":26}},"loc":{"start":{"line":275,"column":31},"end":{"line":277,"column":3}},"line":275},"11":{"name":"(anonymous_11)","decl":{"start":{"line":276,"column":37},"end":{"line":276,"column":38}},"loc":{"start":{"line":276,"column":44},"end":{"line":276,"column":57}},"line":276},"12":{"name":"(anonymous_12)","decl":{"start":{"line":279,"column":19},"end":{"line":279,"column":20}},"loc":{"start":{"line":281,"column":7},"end":{"line":299,"column":3}},"line":281},"13":{"name":"(anonymous_13)","decl":{"start":{"line":301,"column":26},"end":{"line":301,"column":27}},"loc":{"start":{"line":301,"column":48},"end":{"line":314,"column":3}},"line":301},"14":{"name":"(anonymous_14)","decl":{"start":{"line":303,"column":52},"end":{"line":303,"column":53}},"loc":{"start":{"line":304,"column":8},"end":{"line":304,"column":58}},"line":304},"15":{"name":"(anonymous_15)","decl":{"start":{"line":316,"column":26},"end":{"line":316,"column":27}},"loc":{"start":{"line":316,"column":32},"end":{"line":318,"column":3}},"line":316},"16":{"name":"(anonymous_16)","decl":{"start":{"line":317,"column":38},"end":{"line":317,"column":39}},"loc":{"start":{"line":317,"column":45},"end":{"line":317,"column":52}},"line":317},"17":{"name":"(anonymous_17)","decl":{"start":{"line":320,"column":22},"end":{"line":320,"column":23}},"loc":{"start":{"line":320,"column":34},"end":{"line":330,"column":3}},"line":320},"18":{"name":"(anonymous_18)","decl":{"start":{"line":332,"column":17},"end":{"line":332,"column":18}},"loc":{"start":{"line":332,"column":29},"end":{"line":347,"column":3}},"line":332}},"branchMap":{"0":{"loc":{"start":{"line":150,"column":6},"end":{"line":180,"column":7}},"type":"if","locations":[{"start":{"line":150,"column":6},"end":{"line":180,"column":7}},{"start":{"line":173,"column":13},"end":{"line":180,"column":7}}],"line":150},"1":{"loc":{"start":{"line":153,"column":8},"end":{"line":172,"column":9}},"type":"if","locations":[{"start":{"line":153,"column":8},"end":{"line":172,"column":9}},{"start":{"line":166,"column":15},"end":{"line":172,"column":9}}],"line":153},"2":{"loc":{"start":{"line":153,"column":12},"end":{"line":153,"column":65}},"type":"binary-expr","locations":[{"start":{"line":153,"column":12},"end":{"line":153,"column":42}},{"start":{"line":153,"column":46},"end":{"line":153,"column":65}}],"line":153},"3":{"loc":{"start":{"line":158,"column":19},"end":{"line":158,"column":41}},"type":"binary-expr","locations":[{"start":{"line":158,"column":19},"end":{"line":158,"column":27}},{"start":{"line":158,"column":31},"end":{"line":158,"column":41}}],"line":158},"4":{"loc":{"start":{"line":163,"column":27},"end":{"line":163,"column":57}},"type":"binary-expr","locations":[{"start":{"line":163,"column":27},"end":{"line":163,"column":51}},{"start":{"line":163,"column":55},"end":{"line":163,"column":57}}],"line":163},"5":{"loc":{"start":{"line":164,"column":25},"end":{"line":164,"column":55}},"type":"binary-expr","locations":[{"start":{"line":164,"column":25},"end":{"line":164,"column":47}},{"start":{"line":164,"column":51},"end":{"line":164,"column":55}}],"line":164},"6":{"loc":{"start":{"line":203,"column":6},"end":{"line":203,"column":32}},"type":"if","locations":[{"start":{"line":203,"column":6},"end":{"line":203,"column":32}},{"start":{},"end":{}}],"line":203},"7":{"loc":{"start":{"line":212,"column":22},"end":{"line":212,"column":46}},"type":"binary-expr","locations":[{"start":{"line":212,"column":22},"end":{"line":212,"column":41}},{"start":{"line":212,"column":45},"end":{"line":212,"column":46}}],"line":212},"8":{"loc":{"start":{"line":217,"column":21},"end":{"line":217,"column":53}},"type":"binary-expr","locations":[{"start":{"line":217,"column":21},"end":{"line":217,"column":35}},{"start":{"line":217,"column":39},"end":{"line":217,"column":53}}],"line":217},"9":{"loc":{"start":{"line":228,"column":10},"end":{"line":231,"column":55}},"type":"binary-expr","locations":[{"start":{"line":228,"column":10},"end":{"line":228,"column":28}},{"start":{"line":229,"column":10},"end":{"line":231,"column":55}}],"line":228},"10":{"loc":{"start":{"line":237,"column":8},"end":{"line":256,"column":9}},"type":"if","locations":[{"start":{"line":237,"column":8},"end":{"line":256,"column":9}},{"start":{},"end":{}}],"line":237},"11":{"loc":{"start":{"line":238,"column":10},"end":{"line":239,"column":62}},"type":"binary-expr","locations":[{"start":{"line":238,"column":10},"end":{"line":238,"column":33}},{"start":{"line":239,"column":10},"end":{"line":239,"column":62}}],"line":238},"12":{"loc":{"start":{"line":259,"column":6},"end":{"line":262,"column":7}},"type":"if","locations":[{"start":{"line":259,"column":6},"end":{"line":262,"column":7}},{"start":{},"end":{}}],"line":259},"13":{"loc":{"start":{"line":304,"column":8},"end":{"line":304,"column":58}},"type":"cond-expr","locations":[{"start":{"line":304,"column":26},"end":{"line":304,"column":50}},{"start":{"line":304,"column":53},"end":{"line":304,"column":58}}],"line":304}},"s":{"0":0,"1":0,"2":0,"3":0,"4":0,"5":0,"6":0,"7":0,"8":0,"9":0,"10":0,"11":0,"12":0,"13":0,"14":0,"15":0,"16":0,"17":0,"18":0,"19":0,"20":0,"21":0,"22":0,"23":0,"24":0,"25":0,"26":0,"27":0,"28":0,"29":0,"30":0,"31":0,"32":0,"33":0,"34":0,"35":0,"36":0,"37":0,"38":0,"39":0,"40":0,"41":0,"42":0,"43":0,"44":0,"45":0,"46":0,"47":0,"48":0,"49":0,"50":0,"51":0,"52":0,"53":0,"54":0,"55":0,"56":0,"57":0,"58":0,"59":0,"60":0,"61":0,"62":0,"63":0,"64":0,"65":0,"66":0,"67":0,"68":0,"69":0,"70":0,"71":0,"72":0,"73":0},"f":{"0":0,"1":0,"2":0,"3":0,"4":0,"5":0,"6":0,"7":0,"8":0,"9":0,"10":0,"11":0,"12":0,"13":0,"14":0,"15":0,"16":0,"17":0,"18":0},"b":{"0":[0,0],"1":[0,0],"2":[0,0],"3":[0,0],"4":[0,0],"5":[0,0],"6":[0,0],"7":[0,0],"8":[0,0],"9":[0,0],"10":[0,0],"11":[0,0],"12":[0,0],"13":[0,0]}}
,"/home/runner/work/water-tracker-hydration/water-tracker-hydration/stores/onboarding.ts": {"path":"/home/runner/work/water-tracker-hydration/water-tracker-hydration/stores/onboarding.ts","statementMap":{"0":{"start":{"line":27,"column":19},"end":{"line":27,"column":40}},"1":{"start":{"line":29,"column":34},"end":{"line":116,"column":3}},"2":{"start":{"line":29,"column":78},"end":{"line":116,"column":1}},"3":{"start":{"line":34,"column":4},"end":{"line":34,"column":37}},"4":{"start":{"line":35,"column":4},"end":{"line":43,"column":5}},"5":{"start":{"line":36,"column":6},"end":{"line":36,"column":69}},"6":{"start":{"line":38,"column":6},"end":{"line":42,"column":9}},"7":{"start":{"line":47,"column":4},"end":{"line":47,"column":33}},"8":{"start":{"line":51,"column":22},"end":{"line":51,"column":51}},"9":{"start":{"line":52,"column":4},"end":{"line":52,"column":37}},"10":{"start":{"line":56,"column":26},"end":{"line":56,"column":55}},"11":{"start":{"line":57,"column":4},"end":{"line":59,"column":5}},"12":{"start":{"line":58,"column":6},"end":{"line":58,"column":43}},"13":{"start":{"line":63,"column":4},"end":{"line":63,"column":50}},"14":{"start":{"line":64,"column":4},"end":{"line":71,"column":5}},"15":{"start":{"line":65,"column":6},"end":{"line":65,"column":74}},"16":{"start":{"line":67,"column":6},"end":{"line":70,"column":9}},"17":{"start":{"line":75,"column":4},"end":{"line":103,"column":5}},"18":{"start":{"line":76,"column":19},"end":{"line":76,"column":57}},"19":{"start":{"line":77,"column":6},"end":{"line":89,"column":7}},"20":{"start":{"line":78,"column":27},"end":{"line":78,"column":43}},"21":{"start":{"line":81,"column":8},"end":{"line":86,"column":9}},"22":{"start":{"line":82,"column":10},"end":{"line":82,"column":38}},"23":{"start":{"line":85,"column":10},"end":{"line":85,"column":47}},"24":{"start":{"line":88,"column":8},"end":{"line":88,"column":45}},"25":{"start":{"line":91,"column":6},"end":{"line":94,"column":9}},"26":{"start":{"line":97,"column":6},"end":{"line":102,"column":7}},"27":{"start":{"line":98,"column":8},"end":{"line":98,"column":45}},"28":{"start":{"line":101,"column":8},"end":{"line":101,"column":39}},"29":{"start":{"line":107,"column":4},"end":{"line":107,"column":42}},"30":{"start":{"line":111,"column":4},"end":{"line":113,"column":5}},"31":{"start":{"line":112,"column":6},"end":{"line":112,"column":19}},"32":{"start":{"line":114,"column":4},"end":{"line":114,"column":40}}},"fnMap":{"0":{"name":"(anonymous_0)","decl":{"start":{"line":29,"column":63},"end":{"line":29,"column":64}},"loc":{"start":{"line":29,"column":78},"end":{"line":116,"column":1}},"line":29},"1":{"name":"(anonymous_1)","decl":{"start":{"line":33,"column":13},"end":{"line":33,"column":14}},"loc":{"start":{"line":33,"column":39},"end":{"line":44,"column":3}},"line":33},"2":{"name":"(anonymous_2)","decl":{"start":{"line":46,"column":19},"end":{"line":46,"column":20}},"loc":{"start":{"line":46,"column":38},"end":{"line":48,"column":3}},"line":46},"3":{"name":"(anonymous_3)","decl":{"start":{"line":50,"column":16},"end":{"line":50,"column":17}},"loc":{"start":{"line":50,"column":22},"end":{"line":53,"column":3}},"line":50},"4":{"name":"(anonymous_4)","decl":{"start":{"line":55,"column":20},"end":{"line":55,"column":21}},"loc":{"start":{"line":55,"column":26},"end":{"line":60,"column":3}},"line":55},"5":{"name":"(anonymous_5)","decl":{"start":{"line":62,"column":16},"end":{"line":62,"column":17}},"loc":{"start":{"line":62,"column":28},"end":{"line":72,"column":3}},"line":62},"6":{"name":"(anonymous_6)","decl":{"start":{"line":74,"column":19},"end":{"line":74,"column":20}},"loc":{"start":{"line":74,"column":31},"end":{"line":104,"column":3}},"line":74},"7":{"name":"(anonymous_7)","decl":{"start":{"line":106,"column":14},"end":{"line":106,"column":15}},"loc":{"start":{"line":106,"column":20},"end":{"line":108,"column":3}},"line":106},"8":{"name":"(anonymous_8)","decl":{"start":{"line":110,"column":17},"end":{"line":110,"column":18}},"loc":{"start":{"line":110,"column":36},"end":{"line":115,"column":3}},"line":110}},"branchMap":{"0":{"loc":{"start":{"line":51,"column":23},"end":{"line":51,"column":46}},"type":"binary-expr","locations":[{"start":{"line":51,"column":23},"end":{"line":51,"column":41}},{"start":{"line":51,"column":45},"end":{"line":51,"column":46}}],"line":51},"1":{"loc":{"start":{"line":56,"column":27},"end":{"line":56,"column":50}},"type":"binary-expr","locations":[{"start":{"line":56,"column":27},"end":{"line":56,"column":45}},{"start":{"line":56,"column":49},"end":{"line":56,"column":50}}],"line":56},"2":{"loc":{"start":{"line":57,"column":4},"end":{"line":59,"column":5}},"type":"if","locations":[{"start":{"line":57,"column":4},"end":{"line":59,"column":5}},{"start":{},"end":{}}],"line":57},"3":{"loc":{"start":{"line":77,"column":6},"end":{"line":89,"column":7}},"type":"if","locations":[{"start":{"line":77,"column":6},"end":{"line":89,"column":7}},{"start":{"line":87,"column":13},"end":{"line":89,"column":7}}],"line":77},"4":{"loc":{"start":{"line":81,"column":8},"end":{"line":86,"column":9}},"type":"if","locations":[{"start":{"line":81,"column":8},"end":{"line":86,"column":9}},{"start":{"line":83,"column":15},"end":{"line":86,"column":9}}],"line":81},"5":{"loc":{"start":{"line":81,"column":12},"end":{"line":81,"column":70}},"type":"binary-expr","locations":[{"start":{"line":81,"column":12},"end":{"line":81,"column":38}},{"start":{"line":81,"column":42},"end":{"line":81,"column":70}}],"line":81},"6":{"loc":{"start":{"line":111,"column":4},"end":{"line":113,"column":5}},"type":"if","locations":[{"start":{"line":111,"column":4},"end":{"line":113,"column":5}},{"start":{},"end":{}}],"line":111}},"s":{"0":0,"1":0,"2":0,"3":0,"4":0,"5":0,"6":0,"7":0,"8":0,"9":0,"10":0,"11":0,"12":0,"13":0,"14":0,"15":0,"16":0,"17":0,"18":0,"19":0,"20":0,"21":0,"22":0,"23":0,"24":0,"25":0,"26":0,"27":0,"28":0,"29":0,"30":0,"31":0,"32":0},"f":{"0":0,"1":0,"2":0,"3":0,"4":0,"5":0,"6":0,"7":0,"8":0},"b":{"0":[0,0],"1":[0,0],"2":[0,0],"3":[0,0],"4":[0,0],"5":[0,0],"6":[0,0]}}
,"/home/runner/work/water-tracker-hydration/water-tracker-hydration/stores/setup.ts": {"path":"/home/runner/work/water-tracker-hydration/water-tracker-hydration/stores/setup.ts","statementMap":{"0":{"start":{"line":39,"column":19},"end":{"line":39,"column":30}},"1":{"start":{"line":41,"column":33},"end":{"line":50,"column":1}},"2":{"start":{"line":52,"column":29},"end":{"line":235,"column":3}},"3":{"start":{"line":52,"column":78},"end":{"line":235,"column":1}},"4":{"start":{"line":55,"column":4},"end":{"line":120,"column":5}},"5":{"start":{"line":56,"column":19},"end":{"line":56,"column":57}},"6":{"start":{"line":57,"column":6},"end":{"line":102,"column":7}},"7":{"start":{"line":58,"column":27},"end":{"line":58,"column":43}},"8":{"start":{"line":61,"column":8},"end":{"line":98,"column":9}},"9":{"start":{"line":62,"column":32},"end":{"line":62,"column":51}},"10":{"start":{"line":65,"column":10},"end":{"line":67,"column":11}},"11":{"start":{"line":66,"column":12},"end":{"line":66,"column":98}},"12":{"start":{"line":68,"column":10},"end":{"line":70,"column":11}},"13":{"start":{"line":69,"column":12},"end":{"line":69,"column":97}},"14":{"start":{"line":73,"column":10},"end":{"line":75,"column":11}},"15":{"start":{"line":74,"column":12},"end":{"line":74,"column":67}},"16":{"start":{"line":76,"column":10},"end":{"line":78,"column":11}},"17":{"start":{"line":77,"column":12},"end":{"line":77,"column":63}},"18":{"start":{"line":81,"column":10},"end":{"line":83,"column":11}},"19":{"start":{"line":82,"column":12},"end":{"line":82,"column":61}},"20":{"start":{"line":86,"column":10},"end":{"line":88,"column":11}},"21":{"start":{"line":87,"column":12},"end":{"line":87,"column":65}},"22":{"start":{"line":90,"column":10},"end":{"line":90,"column":29}},"23":{"start":{"line":92,"column":10},"end":{"line":95,"column":13}},"24":{"start":{"line":96,"column":10},"end":{"line":96,"column":79}},"25":{"start":{"line":97,"column":10},"end":{"line":97,"column":28}},"26":{"start":{"line":100,"column":8},"end":{"line":100,"column":77}},"27":{"start":{"line":101,"column":8},"end":{"line":101,"column":26}},"28":{"start":{"line":104,"column":6},"end":{"line":107,"column":9}},"29":{"start":{"line":110,"column":6},"end":{"line":110,"column":24}},"30":{"start":{"line":112,"column":6},"end":{"line":119,"column":7}},"31":{"start":{"line":113,"column":8},"end":{"line":113,"column":77}},"32":{"start":{"line":115,"column":8},"end":{"line":118,"column":11}},"33":{"start":{"line":122,"column":21},"end":{"line":128,"column":3}},"34":{"start":{"line":130,"column":22},"end":{"line":130,"column":61}},"35":{"start":{"line":131,"column":4},"end":{"line":131,"column":66}},"36":{"start":{"line":134,"column":22},"end":{"line":134,"column":59}},"37":{"start":{"line":135,"column":4},"end":{"line":135,"column":65}},"38":{"start":{"line":138,"column":4},"end":{"line":141,"column":8}},"39":{"start":{"line":138,"column":20},"end":{"line":141,"column":5}},"40":{"start":{"line":142,"column":4},"end":{"line":151,"column":5}},"41":{"start":{"line":143,"column":22},"end":{"line":143,"column":40}},"42":{"start":{"line":144,"column":6},"end":{"line":144,"column":70}},"43":{"start":{"line":146,"column":6},"end":{"line":150,"column":9}},"44":{"start":{"line":154,"column":4},"end":{"line":154,"column":68}},"45":{"start":{"line":157,"column":4},"end":{"line":157,"column":22}},"46":{"start":{"line":158,"column":4},"end":{"line":165,"column":5}},"47":{"start":{"line":159,"column":6},"end":{"line":159,"column":75}},"48":{"start":{"line":161,"column":6},"end":{"line":164,"column":9}},"49":{"start":{"line":168,"column":4},"end":{"line":233,"column":5}},"50":{"start":{"line":169,"column":37},"end":{"line":169,"column":46}},"51":{"start":{"line":172,"column":6},"end":{"line":179,"column":7}},"52":{"start":{"line":173,"column":8},"end":{"line":177,"column":11}},"53":{"start":{"line":178,"column":8},"end":{"line":178,"column":17}},"54":{"start":{"line":181,"column":26},"end":{"line":181,"column":62}},"55":{"start":{"line":182,"column":28},"end":{"line":182,"column":66}},"56":{"start":{"line":184,"column":6},"end":{"line":191,"column":7}},"57":{"start":{"line":185,"column":8},"end":{"line":189,"column":11}},"58":{"start":{"line":190,"column":8},"end":{"line":190,"column":17}},"59":{"start":{"line":193,"column":31},"end":{"line":193,"column":77}},"60":{"start":{"line":194,"column":33},"end":{"line":194,"column":83}},"61":{"start":{"line":195,"column":31},"end":{"line":195,"column":73}},"62":{"start":{"line":197,"column":6},"end":{"line":204,"column":7}},"63":{"start":{"line":198,"column":8},"end":{"line":202,"column":11}},"64":{"start":{"line":203,"column":8},"end":{"line":203,"column":17}},"65":{"start":{"line":206,"column":18},"end":{"line":206,"column":25}},"66":{"start":{"line":207,"column":26},"end":{"line":207,"column":36}},"67":{"start":{"line":208,"column":28},"end":{"line":208,"column":40}},"68":{"start":{"line":209,"column":35},"end":{"line":209,"column":67}},"69":{"start":{"line":211,"column":6},"end":{"line":213,"column":7}},"70":{"start":{"line":212,"column":8},"end":{"line":212,"column":17}},"71":{"start":{"line":214,"column":6},"end":{"line":216,"column":7}},"72":{"start":{"line":215,"column":8},"end":{"line":215,"column":19}},"73":{"start":{"line":218,"column":23},"end":{"line":220,"column":7}},"74":{"start":{"line":222,"column":6},"end":{"line":224,"column":7}},"75":{"start":{"line":223,"column":8},"end":{"line":223,"column":17}},"76":{"start":{"line":226,"column":6},"end":{"line":226,"column":37}},"77":{"start":{"line":228,"column":6},"end":{"line":231,"column":9}},"78":{"start":{"line":232,"column":6},"end":{"line":232,"column":15}}},"fnMap":{"0":{"name":"(anonymous_0)","decl":{"start":{"line":52,"column":63},"end":{"line":52,"column":64}},"loc":{"start":{"line":52,"column":78},"end":{"line":235,"column":1}},"line":52},"1":{"name":"(anonymous_1)","decl":{"start":{"line":54,"column":19},"end":{"line":54,"column":20}},"loc":{"start":{"line":54,"column":31},"end":{"line":121,"column":3}},"line":54},"2":{"name":"(anonymous_2)","decl":{"start":{"line":122,"column":14},"end":{"line":122,"column":15}},"loc":{"start":{"line":122,"column":21},"end":{"line":128,"column":3}},"line":122},"3":{"name":"(anonymous_3)","decl":{"start":{"line":129,"column":20},"end":{"line":129,"column":21}},"loc":{"start":{"line":129,"column":48},"end":{"line":132,"column":3}},"line":129},"4":{"name":"(anonymous_4)","decl":{"start":{"line":133,"column":19},"end":{"line":133,"column":20}},"loc":{"start":{"line":133,"column":44},"end":{"line":136,"column":3}},"line":133},"5":{"name":"(anonymous_5)","decl":{"start":{"line":137,"column":13},"end":{"line":137,"column":14}},"loc":{"start":{"line":137,"column":74},"end":{"line":152,"column":3}},"line":137},"6":{"name":"(anonymous_6)","decl":{"start":{"line":138,"column":8},"end":{"line":138,"column":9}},"loc":{"start":{"line":138,"column":20},"end":{"line":141,"column":5}},"line":138},"7":{"name":"(anonymous_7)","decl":{"start":{"line":153,"column":19},"end":{"line":153,"column":20}},"loc":{"start":{"line":153,"column":51},"end":{"line":155,"column":3}},"line":153},"8":{"name":"(anonymous_8)","decl":{"start":{"line":156,"column":9},"end":{"line":156,"column":10}},"loc":{"start":{"line":156,"column":21},"end":{"line":166,"column":3}},"line":156},"9":{"name":"(anonymous_9)","decl":{"start":{"line":167,"column":18},"end":{"line":167,"column":19}},"loc":{"start":{"line":167,"column":24},"end":{"line":234,"column":3}},"line":167}},"branchMap":{"0":{"loc":{"start":{"line":49,"column":16},"end":{"line":49,"column":65}},"type":"binary-expr","locations":[{"start":{"line":49,"column":16},"end":{"line":49,"column":57}},{"start":{"line":49,"column":61},"end":{"line":49,"column":65}}],"line":49},"1":{"loc":{"start":{"line":57,"column":6},"end":{"line":102,"column":7}},"type":"if","locations":[{"start":{"line":57,"column":6},"end":{"line":102,"column":7}},{"start":{"line":99,"column":13},"end":{"line":102,"column":7}}],"line":57},"2":{"loc":{"start":{"line":61,"column":8},"end":{"line":98,"column":9}},"type":"if","locations":[{"start":{"line":61,"column":8},"end":{"line":98,"column":9}},{"start":{"line":91,"column":15},"end":{"line":98,"column":9}}],"line":61},"3":{"loc":{"start":{"line":61,"column":12},"end":{"line":61,"column":65}},"type":"binary-expr","locations":[{"start":{"line":61,"column":12},"end":{"line":61,"column":42}},{"start":{"line":61,"column":46},"end":{"line":61,"column":65}}],"line":61},"4":{"loc":{"start":{"line":65,"column":10},"end":{"line":67,"column":11}},"type":"if","locations":[{"start":{"line":65,"column":10},"end":{"line":67,"column":11}},{"start":{},"end":{}}],"line":65},"5":{"loc":{"start":{"line":68,"column":10},"end":{"line":70,"column":11}},"type":"if","locations":[{"start":{"line":68,"column":10},"end":{"line":70,"column":11}},{"start":{},"end":{}}],"line":68},"6":{"loc":{"start":{"line":73,"column":10},"end":{"line":75,"column":11}},"type":"if","locations":[{"start":{"line":73,"column":10},"end":{"line":75,"column":11}},{"start":{},"end":{}}],"line":73},"7":{"loc":{"start":{"line":73,"column":14},"end":{"line":73,"column":86}},"type":"binary-expr","locations":[{"start":{"line":73,"column":14},"end":{"line":73,"column":39}},{"start":{"line":73,"column":43},"end":{"line":73,"column":86}}],"line":73},"8":{"loc":{"start":{"line":76,"column":10},"end":{"line":78,"column":11}},"type":"if","locations":[{"start":{"line":76,"column":10},"end":{"line":78,"column":11}},{"start":{},"end":{}}],"line":76},"9":{"loc":{"start":{"line":76,"column":14},"end":{"line":76,"column":82}},"type":"binary-expr","locations":[{"start":{"line":76,"column":14},"end":{"line":76,"column":37}},{"start":{"line":76,"column":41},"end":{"line":76,"column":82}}],"line":76},"10":{"loc":{"start":{"line":81,"column":10},"end":{"line":83,"column":11}},"type":"if","locations":[{"start":{"line":81,"column":10},"end":{"line":83,"column":11}},{"start":{},"end":{}}],"line":81},"11":{"loc":{"start":{"line":81,"column":14},"end":{"line":81,"column":80}},"type":"binary-expr","locations":[{"start":{"line":81,"column":14},"end":{"line":81,"column":35}},{"start":{"line":81,"column":39},"end":{"line":81,"column":80}}],"line":81},"12":{"loc":{"start":{"line":86,"column":10},"end":{"line":88,"column":11}},"type":"if","locations":[{"start":{"line":86,"column":10},"end":{"line":88,"column":11}},{"start":{},"end":{}}],"line":86},"13":{"loc":{"start":{"line":86,"column":14},"end":{"line":86,"column":84}},"type":"binary-expr","locations":[{"start":{"line":86,"column":14},"end":{"line":86,"column":37}},{"start":{"line":86,"column":41},"end":{"line":86,"column":84}}],"line":86},"14":{"loc":{"start":{"line":172,"column":6},"end":{"line":179,"column":7}},"type":"if","locations":[{"start":{"line":172,"column":6},"end":{"line":179,"column":7}},{"start":{},"end":{}}],"line":172},"15":{"loc":{"start":{"line":172,"column":10},"end":{"line":172,"column":70}},"type":"binary-expr","locations":[{"start":{"line":172,"column":10},"end":{"line":172,"column":39}},{"start":{"line":172,"column":43},"end":{"line":172,"column":70}}],"line":172},"16":{"loc":{"start":{"line":184,"column":6},"end":{"line":191,"column":7}},"type":"if","locations":[{"start":{"line":184,"column":6},"end":{"line":191,"column":7}},{"start":{},"end":{}}],"line":184},"17":{"loc":{"start":{"line":184,"column":10},"end":{"line":184,"column":60}},"type":"binary-expr","locations":[{"start":{"line":184,"column":10},"end":{"line":184,"column":32}},{"start":{"line":184,"column":36},"end":{"line":184,"column":60}}],"line":184},"18":{"loc":{"start":{"line":197,"column":6},"end":{"line":204,"column":7}},"type":"if","locations":[{"start":{"line":197,"column":6},"end":{"line":204,"column":7}},{"start":{},"end":{}}],"line":197},"19":{"loc":{"start":{"line":211,"column":6},"end":{"line":213,"column":7}},"type":"if","locations":[{"start":{"line":211,"column":6},"end":{"line":213,"column":7}},{"start":{},"end":{}}],"line":211},"20":{"loc":{"start":{"line":214,"column":6},"end":{"line":216,"column":7}},"type":"if","locations":[{"start":{"line":214,"column":6},"end":{"line":216,"column":7}},{"start":{},"end":{}}],"line":214},"21":{"loc":{"start":{"line":222,"column":6},"end":{"line":224,"column":7}},"type":"if","locations":[{"start":{"line":222,"column":6},"end":{"line":224,"column":7}},{"start":{},"end":{}}],"line":222},"22":{"loc":{"start":{"line":222,"column":10},"end":{"line":222,"column":35}},"type":"binary-expr","locations":[{"start":{"line":222,"column":10},"end":{"line":222,"column":19}},{"start":{"line":222,"column":23},"end":{"line":222,"column":35}}],"line":222}},"s":{"0":0,"1":0,"2":0,"3":0,"4":0,"5":0,"6":0,"7":0,"8":0,"9":0,"10":0,"11":0,"12":0,"13":0,"14":0,"15":0,"16":0,"17":0,"18":0,"19":0,"20":0,"21":0,"22":0,"23":0,"24":0,"25":0,"26":0,"27":0,"28":0,"29":0,"30":0,"31":0,"32":0,"33":0,"34":0,"35":0,"36":0,"37":0,"38":0,"39":0,"40":0,"41":0,"42":0,"43":0,"44":0,"45":0,"46":0,"47":0,"48":0,"49":0,"50":0,"51":0,"52":0,"53":0,"54":0,"55":0,"56":0,"57":0,"58":0,"59":0,"60":0,"61":0,"62":0,"63":0,"64":0,"65":0,"66":0,"67":0,"68":0,"69":0,"70":0,"71":0,"72":0,"73":0,"74":0,"75":0,"76":0,"77":0,"78":0},"f":{"0":0,"1":0,"2":0,"3":0,"4":0,"5":0,"6":0,"7":0,"8":0,"9":0},"b":{"0":[0,0],"1":[0,0],"2":[0,0],"3":[0,0],"4":[0,0],"5":[0,0],"6":[0,0],"7":[0,0],"8":[0,0],"9":[0,0],"10":[0,0],"11":[0,0],"12":[0,0],"13":[0,0],"14":[0,0],"15":[0,0],"16":[0,0],"17":[0,0],"18":[0,0],"19":[0,0],"20":[0,0],"21":[0,0],"22":[0,0]}}
,"/home/runner/work/water-tracker-hydration/water-tracker-hydration/stores/statistics.ts": {"path":"/home/runner/work/water-tracker-hydration/water-tracker-hydration/stores/statistics.ts","statementMap":{"0":{"start":{"line":44,"column":34},"end":{"line":156,"column":3}},"1":{"start":{"line":44,"column":73},"end":{"line":156,"column":1}},"2":{"start":{"line":46,"column":20},"end":{"line":46,"column":52}},"3":{"start":{"line":47,"column":25},"end":{"line":47,"column":72}},"4":{"start":{"line":49,"column":4},"end":{"line":58,"column":5}},"5":{"start":{"line":50,"column":6},"end":{"line":57,"column":8}},"6":{"start":{"line":60,"column":17},"end":{"line":60,"column":43}},"7":{"start":{"line":61,"column":22},"end":{"line":61,"column":55}},"8":{"start":{"line":62,"column":36},"end":{"line":62,"column":38}},"9":{"start":{"line":63,"column":16},"end":{"line":63,"column":17}},"10":{"start":{"line":64,"column":22},"end":{"line":64,"column":23}},"11":{"start":{"line":65,"column":18},"end":{"line":65,"column":19}},"12":{"start":{"line":67,"column":4},"end":{"line":86,"column":5}},"13":{"start":{"line":67,"column":17},"end":{"line":67,"column":18}},"14":{"start":{"line":68,"column":19},"end":{"line":68,"column":70}},"15":{"start":{"line":69,"column":23},"end":{"line":69,"column":50}},"16":{"start":{"line":70,"column":21},"end":{"line":70,"column":44}},"17":{"start":{"line":71,"column":25},"end":{"line":71,"column":89}},"18":{"start":{"line":73,"column":6},"end":{"line":79,"column":7}},"19":{"start":{"line":74,"column":8},"end":{"line":74,"column":22}},"20":{"start":{"line":75,"column":8},"end":{"line":75,"column":24}},"21":{"start":{"line":76,"column":8},"end":{"line":78,"column":9}},"22":{"start":{"line":77,"column":10},"end":{"line":77,"column":20}},"23":{"start":{"line":81,"column":6},"end":{"line":85,"column":9}},"24":{"start":{"line":88,"column":20},"end":{"line":88,"column":73}},"25":{"start":{"line":89,"column":30},"end":{"line":89,"column":93}},"26":{"start":{"line":91,"column":4},"end":{"line":98,"column":6}},"27":{"start":{"line":102,"column":4},"end":{"line":102,"column":40}},"28":{"start":{"line":106,"column":4},"end":{"line":106,"column":41}},"29":{"start":{"line":110,"column":18},"end":{"line":110,"column":46}},"30":{"start":{"line":111,"column":4},"end":{"line":111,"column":50}},"31":{"start":{"line":111,"column":38},"end":{"line":111,"column":50}},"32":{"start":{"line":113,"column":17},"end":{"line":115,"column":5}},"33":{"start":{"line":114,"column":6},"end":{"line":114,"column":49}},"34":{"start":{"line":117,"column":4},"end":{"line":117,"column":41}},"35":{"start":{"line":121,"column":20},"end":{"line":121,"column":52}},"36":{"start":{"line":122,"column":25},"end":{"line":122,"column":72}},"37":{"start":{"line":124,"column":4},"end":{"line":124,"column":27}},"38":{"start":{"line":124,"column":18},"end":{"line":124,"column":27}},"39":{"start":{"line":126,"column":17},"end":{"line":126,"column":18}},"40":{"start":{"line":127,"column":22},"end":{"line":127,"column":29}},"41":{"start":{"line":128,"column":24},"end":{"line":128,"column":28}},"42":{"start":{"line":130,"column":4},"end":{"line":152,"column":5}},"43":{"start":{"line":131,"column":22},"end":{"line":131,"column":61}},"44":{"start":{"line":132,"column":23},"end":{"line":132,"column":53}},"45":{"start":{"line":133,"column":21},"end":{"line":133,"column":44}},"46":{"start":{"line":135,"column":6},"end":{"line":148,"column":7}},"47":{"start":{"line":136,"column":8},"end":{"line":136,"column":17}},"48":{"start":{"line":137,"column":8},"end":{"line":137,"column":53}},"49":{"start":{"line":138,"column":8},"end":{"line":138,"column":30}},"50":{"start":{"line":141,"column":8},"end":{"line":145,"column":9}},"51":{"start":{"line":142,"column":10},"end":{"line":142,"column":55}},"52":{"start":{"line":143,"column":10},"end":{"line":143,"column":32}},"53":{"start":{"line":144,"column":10},"end":{"line":144,"column":19}},"54":{"start":{"line":147,"column":8},"end":{"line":147,"column":14}},"55":{"start":{"line":151,"column":6},"end":{"line":151,"column":30}},"56":{"start":{"line":151,"column":24},"end":{"line":151,"column":30}},"57":{"start":{"line":154,"column":4},"end":{"line":154,"column":18}}},"fnMap":{"0":{"name":"(anonymous_0)","decl":{"start":{"line":44,"column":58},"end":{"line":44,"column":59}},"loc":{"start":{"line":44,"column":73},"end":{"line":156,"column":1}},"line":44},"1":{"name":"(anonymous_1)","decl":{"start":{"line":45,"column":18},"end":{"line":45,"column":19}},"loc":{"start":{"line":45,"column":42},"end":{"line":99,"column":3}},"line":45},"2":{"name":"(anonymous_2)","decl":{"start":{"line":101,"column":18},"end":{"line":101,"column":19}},"loc":{"start":{"line":101,"column":24},"end":{"line":103,"column":3}},"line":101},"3":{"name":"(anonymous_3)","decl":{"start":{"line":105,"column":19},"end":{"line":105,"column":20}},"loc":{"start":{"line":105,"column":25},"end":{"line":107,"column":3}},"line":105},"4":{"name":"(anonymous_4)","decl":{"start":{"line":109,"column":14},"end":{"line":109,"column":15}},"loc":{"start":{"line":109,"column":38},"end":{"line":118,"column":3}},"line":109},"5":{"name":"(anonymous_5)","decl":{"start":{"line":113,"column":40},"end":{"line":113,"column":41}},"loc":{"start":{"line":114,"column":6},"end":{"line":114,"column":49}},"line":114},"6":{"name":"(anonymous_6)","decl":{"start":{"line":120,"column":20},"end":{"line":120,"column":21}},"loc":{"start":{"line":120,"column":26},"end":{"line":155,"column":3}},"line":120}},"branchMap":{"0":{"loc":{"start":{"line":49,"column":4},"end":{"line":58,"column":5}},"type":"if","locations":[{"start":{"line":49,"column":4},"end":{"line":58,"column":5}},{"start":{},"end":{}}],"line":49},"1":{"loc":{"start":{"line":60,"column":17},"end":{"line":60,"column":43}},"type":"cond-expr","locations":[{"start":{"line":60,"column":37},"end":{"line":60,"column":38}},{"start":{"line":60,"column":41},"end":{"line":60,"column":43}}],"line":60},"2":{"loc":{"start":{"line":69,"column":23},"end":{"line":69,"column":50}},"type":"binary-expr","locations":[{"start":{"line":69,"column":23},"end":{"line":69,"column":43}},{"start":{"line":69,"column":47},"end":{"line":69,"column":50}}],"line":69},"3":{"loc":{"start":{"line":70,"column":21},"end":{"line":70,"column":44}},"type":"binary-expr","locations":[{"start":{"line":70,"column":21},"end":{"line":70,"column":39}},{"start":{"line":70,"column":43},"end":{"line":70,"column":44}}],"line":70},"4":{"loc":{"start":{"line":71,"column":25},"end":{"line":71,"column":89}},"type":"cond-expr","locations":[{"start":{"line":71,"column":44},"end":{"line":71,"column":85}},{"start":{"line":71,"column":88},"end":{"line":71,"column":89}}],"line":71},"5":{"loc":{"start":{"line":73,"column":6},"end":{"line":79,"column":7}},"type":"if","locations":[{"start":{"line":73,"column":6},"end":{"line":79,"column":7}},{"start":{},"end":{}}],"line":73},"6":{"loc":{"start":{"line":76,"column":8},"end":{"line":78,"column":9}},"type":"if","locations":[{"start":{"line":76,"column":8},"end":{"line":78,"column":9}},{"start":{},"end":{}}],"line":76},"7":{"loc":{"start":{"line":88,"column":20},"end":{"line":88,"column":73}},"type":"cond-expr","locations":[{"start":{"line":88,"column":38},"end":{"line":88,"column":69}},{"start":{"line":88,"column":72},"end":{"line":88,"column":73}}],"line":88},"8":{"loc":{"start":{"line":89,"column":30},"end":{"line":89,"column":93}},"type":"cond-expr","locations":[{"start":{"line":89,"column":48},"end":{"line":89,"column":89}},{"start":{"line":89,"column":92},"end":{"line":89,"column":93}}],"line":89},"9":{"loc":{"start":{"line":111,"column":4},"end":{"line":111,"column":50}},"type":"if","locations":[{"start":{"line":111,"column":4},"end":{"line":111,"column":50}},{"start":{},"end":{}}],"line":111},"10":{"loc":{"start":{"line":114,"column":6},"end":{"line":114,"column":49}},"type":"cond-expr","locations":[{"start":{"line":114,"column":36},"end":{"line":114,"column":43}},{"start":{"line":114,"column":46},"end":{"line":114,"column":49}}],"line":114},"11":{"loc":{"start":{"line":117,"column":11},"end":{"line":117,"column":40}},"type":"cond-expr","locations":[{"start":{"line":117,"column":29},"end":{"line":117,"column":33}},{"start":{"line":117,"column":36},"end":{"line":117,"column":40}}],"line":117},"12":{"loc":{"start":{"line":124,"column":4},"end":{"line":124,"column":27}},"type":"if","locations":[{"start":{"line":124,"column":4},"end":{"line":124,"column":27}},{"start":{},"end":{}}],"line":124},"13":{"loc":{"start":{"line":132,"column":23},"end":{"line":132,"column":53}},"type":"binary-expr","locations":[{"start":{"line":132,"column":23},"end":{"line":132,"column":46}},{"start":{"line":132,"column":50},"end":{"line":132,"column":53}}],"line":132},"14":{"loc":{"start":{"line":133,"column":21},"end":{"line":133,"column":44}},"type":"binary-expr","locations":[{"start":{"line":133,"column":21},"end":{"line":133,"column":39}},{"start":{"line":133,"column":43},"end":{"line":133,"column":44}}],"line":133},"15":{"loc":{"start":{"line":135,"column":6},"end":{"line":148,"column":7}},"type":"if","locations":[{"start":{"line":135,"column":6},"end":{"line":148,"column":7}},{"start":{"line":139,"column":13},"end":{"line":148,"column":7}}],"line":135},"16":{"loc":{"start":{"line":141,"column":8},"end":{"line":145,"column":9}},"type":"if","locations":[{"start":{"line":141,"column":8},"end":{"line":145,"column":9}},{"start":{},"end":{}}],"line":141},"17":{"loc":{"start":{"line":151,"column":6},"end":{"line":151,"column":30}},"type":"if","locations":[{"start":{"line":151,"column":6},"end":{"line":151,"column":30}},{"start":{},"end":{}}],"line":151}},"s":{"0":0,"1":0,"2":0,"3":0,"4":0,"5":0,"6":0,"7":0,"8":0,"9":0,"10":0,"11":0,"12":0,"13":0,"14":0,"15":0,"16":0,"17":0,"18":0,"19":0,"20":0,"21":0,"22":0,"23":0,"24":0,"25":0,"26":0,"27":0,"28":0,"29":0,"30":0,"31":0,"32":0,"33":0,"34":0,"35":0,"36":0,"37":0,"38":0,"39":0,"40":0,"41":0,"42":0,"43":0,"44":0,"45":0,"46":0,"47":0,"48":0,"49":0,"50":0,"51":0,"52":0,"53":0,"54":0,"55":0,"56":0,"57":0},"f":{"0":0,"1":0,"2":0,"3":0,"4":0,"5":0,"6":0},"b":{"0":[0,0],"1":[0,0],"2":[0,0],"3":[0,0],"4":[0,0],"5":[0,0],"6":[0,0],"7":[0,0],"8":[0,0],"9":[0,0],"10":[0,0],"11":[0,0],"12":[0,0],"13":[0,0],"14":[0,0],"15":[0,0],"16":[0,0],"17":[0,0]}}
,"/home/runner/work/water-tracker-hydration/water-tracker-hydration/stores/water.ts": {"path":"/home/runner/work/water-tracker-hydration/water-tracker-hydration/stores/water.ts","statementMap":{"0":{"start":{"line":34,"column":19},"end":{"line":34,"column":30}},"1":{"start":{"line":36,"column":29},"end":{"line":179,"column":3}},"2":{"start":{"line":36,"column":63},"end":{"line":179,"column":1}},"3":{"start":{"line":39,"column":4},"end":{"line":96,"column":5}},"4":{"start":{"line":40,"column":19},"end":{"line":40,"column":57}},"5":{"start":{"line":41,"column":6},"end":{"line":72,"column":7}},"6":{"start":{"line":42,"column":27},"end":{"line":42,"column":43}},"7":{"start":{"line":45,"column":8},"end":{"line":62,"column":9}},"8":{"start":{"line":47,"column":48},"end":{"line":47,"column":50}},"9":{"start":{"line":48,"column":10},"end":{"line":54,"column":13}},"10":{"start":{"line":49,"column":12},"end":{"line":53,"column":13}},"11":{"start":{"line":50,"column":14},"end":{"line":52,"column":16}},"12":{"start":{"line":55,"column":10},"end":{"line":55,"column":45}},"13":{"start":{"line":57,"column":10},"end":{"line":60,"column":13}},"14":{"start":{"line":61,"column":10},"end":{"line":61,"column":52}},"15":{"start":{"line":64,"column":22},"end":{"line":64,"column":32}},"16":{"start":{"line":65,"column":24},"end":{"line":69,"column":9}},"17":{"start":{"line":70,"column":8},"end":{"line":70,"column":72}},"18":{"start":{"line":71,"column":8},"end":{"line":71,"column":25}},"19":{"start":{"line":74,"column":6},"end":{"line":77,"column":9}},"20":{"start":{"line":80,"column":20},"end":{"line":80,"column":30}},"21":{"start":{"line":81,"column":22},"end":{"line":85,"column":7}},"22":{"start":{"line":86,"column":6},"end":{"line":86,"column":23}},"23":{"start":{"line":88,"column":6},"end":{"line":95,"column":7}},"24":{"start":{"line":89,"column":8},"end":{"line":89,"column":72}},"25":{"start":{"line":91,"column":8},"end":{"line":94,"column":11}},"26":{"start":{"line":99,"column":4},"end":{"line":122,"column":5}},"27":{"start":{"line":101,"column":6},"end":{"line":108,"column":7}},"28":{"start":{"line":102,"column":8},"end":{"line":106,"column":11}},"29":{"start":{"line":107,"column":8},"end":{"line":107,"column":15}},"30":{"start":{"line":110,"column":30},"end":{"line":110,"column":63}},"31":{"start":{"line":111,"column":22},"end":{"line":111,"column":41}},"32":{"start":{"line":112,"column":6},"end":{"line":112,"column":49}},"33":{"start":{"line":113,"column":6},"end":{"line":113,"column":23}},"34":{"start":{"line":115,"column":6},"end":{"line":115,"column":70}},"35":{"start":{"line":117,"column":6},"end":{"line":121,"column":9}},"36":{"start":{"line":125,"column":18},"end":{"line":125,"column":28}},"37":{"start":{"line":126,"column":4},"end":{"line":126,"column":40}},"38":{"start":{"line":129,"column":4},"end":{"line":139,"column":5}},"39":{"start":{"line":130,"column":22},"end":{"line":130,"column":35}},"40":{"start":{"line":131,"column":6},"end":{"line":133,"column":7}},"41":{"start":{"line":132,"column":8},"end":{"line":132,"column":72}},"42":{"start":{"line":135,"column":6},"end":{"line":138,"column":9}},"43":{"start":{"line":142,"column":4},"end":{"line":150,"column":5}},"44":{"start":{"line":143,"column":6},"end":{"line":143,"column":27}},"45":{"start":{"line":144,"column":6},"end":{"line":144,"column":48}},"46":{"start":{"line":146,"column":6},"end":{"line":149,"column":9}},"47":{"start":{"line":153,"column":18},"end":{"line":153,"column":28}},"48":{"start":{"line":154,"column":4},"end":{"line":154,"column":35}},"49":{"start":{"line":157,"column":4},"end":{"line":157,"column":47}},"50":{"start":{"line":160,"column":4},"end":{"line":160,"column":38}},"51":{"start":{"line":163,"column":20},"end":{"line":163,"column":33}},"52":{"start":{"line":164,"column":4},"end":{"line":166,"column":5}},"53":{"start":{"line":165,"column":6},"end":{"line":165,"column":18}},"54":{"start":{"line":167,"column":4},"end":{"line":167,"column":17}},"55":{"start":{"line":170,"column":20},"end":{"line":170,"column":33}},"56":{"start":{"line":171,"column":4},"end":{"line":171,"column":28}},"57":{"start":{"line":171,"column":18},"end":{"line":171,"column":28}},"58":{"start":{"line":172,"column":4},"end":{"line":177,"column":10}},"59":{"start":{"line":174,"column":22},"end":{"line":177,"column":7}}},"fnMap":{"0":{"name":"(anonymous_0)","decl":{"start":{"line":36,"column":48},"end":{"line":36,"column":49}},"loc":{"start":{"line":36,"column":63},"end":{"line":179,"column":1}},"line":36},"1":{"name":"(anonymous_1)","decl":{"start":{"line":38,"column":19},"end":{"line":38,"column":20}},"loc":{"start":{"line":38,"column":31},"end":{"line":97,"column":3}},"line":38},"2":{"name":"(anonymous_2)","decl":{"start":{"line":48,"column":42},"end":{"line":48,"column":43}},"loc":{"start":{"line":48,"column":52},"end":{"line":54,"column":11}},"line":48},"3":{"name":"(anonymous_3)","decl":{"start":{"line":98,"column":12},"end":{"line":98,"column":13}},"loc":{"start":{"line":98,"column":52},"end":{"line":123,"column":3}},"line":98},"4":{"name":"(anonymous_4)","decl":{"start":{"line":124,"column":17},"end":{"line":124,"column":18}},"loc":{"start":{"line":124,"column":43},"end":{"line":127,"column":3}},"line":124},"5":{"name":"(anonymous_5)","decl":{"start":{"line":128,"column":17},"end":{"line":128,"column":18}},"loc":{"start":{"line":128,"column":29},"end":{"line":140,"column":3}},"line":128},"6":{"name":"(anonymous_6)","decl":{"start":{"line":141,"column":14},"end":{"line":141,"column":15}},"loc":{"start":{"line":141,"column":26},"end":{"line":151,"column":3}},"line":141},"7":{"name":"(anonymous_7)","decl":{"start":{"line":152,"column":19},"end":{"line":152,"column":20}},"loc":{"start":{"line":152,"column":31},"end":{"line":155,"column":3}},"line":152},"8":{"name":"(anonymous_8)","decl":{"start":{"line":156,"column":12},"end":{"line":156,"column":13}},"loc":{"start":{"line":156,"column":22},"end":{"line":158,"column":3}},"line":156},"9":{"name":"(anonymous_9)","decl":{"start":{"line":159,"column":17},"end":{"line":159,"column":18}},"loc":{"start":{"line":159,"column":23},"end":{"line":161,"column":3}},"line":159},"10":{"name":"(anonymous_10)","decl":{"start":{"line":162,"column":14},"end":{"line":162,"column":15}},"loc":{"start":{"line":162,"column":20},"end":{"line":168,"column":3}},"line":162},"11":{"name":"(anonymous_11)","decl":{"start":{"line":169,"column":20},"end":{"line":169,"column":21}},"loc":{"start":{"line":169,"column":26},"end":{"line":178,"column":3}},"line":169},"12":{"name":"(anonymous_12)","decl":{"start":{"line":174,"column":11},"end":{"line":174,"column":12}},"loc":{"start":{"line":174,"column":22},"end":{"line":177,"column":7}},"line":174}},"branchMap":{"0":{"loc":{"start":{"line":41,"column":6},"end":{"line":72,"column":7}},"type":"if","locations":[{"start":{"line":41,"column":6},"end":{"line":72,"column":7}},{"start":{"line":63,"column":13},"end":{"line":72,"column":7}}],"line":41},"1":{"loc":{"start":{"line":45,"column":8},"end":{"line":62,"column":9}},"type":"if","locations":[{"start":{"line":45,"column":8},"end":{"line":62,"column":9}},{"start":{"line":56,"column":15},"end":{"line":62,"column":9}}],"line":45},"2":{"loc":{"start":{"line":45,"column":12},"end":{"line":45,"column":65}},"type":"binary-expr","locations":[{"start":{"line":45,"column":12},"end":{"line":45,"column":42}},{"start":{"line":45,"column":46},"end":{"line":45,"column":65}}],"line":45},"3":{"loc":{"start":{"line":49,"column":12},"end":{"line":53,"column":13}},"type":"if","locations":[{"start":{"line":49,"column":12},"end":{"line":53,"column":13}},{"start":{},"end":{}}],"line":49},"4":{"loc":{"start":{"line":101,"column":6},"end":{"line":108,"column":7}},"type":"if","locations":[{"start":{"line":101,"column":6},"end":{"line":108,"column":7}},{"start":{},"end":{}}],"line":101},"5":{"loc":{"start":{"line":111,"column":22},"end":{"line":111,"column":41}},"type":"binary-expr","locations":[{"start":{"line":111,"column":22},"end":{"line":111,"column":35}},{"start":{"line":111,"column":39},"end":{"line":111,"column":41}}],"line":111},"6":{"loc":{"start":{"line":131,"column":6},"end":{"line":133,"column":7}},"type":"if","locations":[{"start":{"line":131,"column":6},"end":{"line":133,"column":7}},{"start":{},"end":{}}],"line":131},"7":{"loc":{"start":{"line":157,"column":11},"end":{"line":157,"column":46}},"type":"binary-expr","locations":[{"start":{"line":157,"column":11},"end":{"line":157,"column":39}},{"start":{"line":157,"column":43},"end":{"line":157,"column":46}}],"line":157},"8":{"loc":{"start":{"line":164,"column":4},"end":{"line":166,"column":5}},"type":"if","locations":[{"start":{"line":164,"column":4},"end":{"line":166,"column":5}},{"start":{},"end":{}}],"line":164},"9":{"loc":{"start":{"line":164,"column":8},"end":{"line":164,"column":50}},"type":"binary-expr","locations":[{"start":{"line":164,"column":8},"end":{"line":164,"column":15}},{"start":{"line":164,"column":19},"end":{"line":164,"column":50}}],"line":164},"10":{"loc":{"start":{"line":171,"column":4},"end":{"line":171,"column":28}},"type":"if","locations":[{"start":{"line":171,"column":4},"end":{"line":171,"column":28}},{"start":{},"end":{}}],"line":171}},"s":{"0":0,"1":0,"2":0,"3":0,"4":0,"5":0,"6":0,"7":0,"8":0,"9":0,"10":0,"11":0,"12":0,"13":0,"14":0,"15":0,"16":0,"17":0,"18":0,"19":0,"20":0,"21":0,"22":0,"23":0,"24":0,"25":0,"26":0,"27":0,"28":0,"29":0,"30":0,"31":0,"32":0,"33":0,"34":0,"35":0,"36":0,"37":0,"38":0,"39":0,"40":0,"41":0,"42":0,"43":0,"44":0,"45":0,"46":0,"47":0,"48":0,"49":0,"50":0,"51":0,"52":0,"53":0,"54":0,"55":0,"56":0,"57":0,"58":0,"59":0},"f":{"0":0,"1":0,"2":0,"3":0,"4":0,"5":0,"6":0,"7":0,"8":0,"9":0,"10":0,"11":0,"12":0},"b":{"0":[0,0],"1":[0,0],"2":[0,0],"3":[0,0],"4":[0,0],"5":[0,0],"6":[0,0],"7":[0,0],"8":[0,0],"9":[0,0],"10":[0,0]}}
,"/home/runner/work/water-tracker-hydration/water-tracker-hydration/utils/backup.ts": {"path":"/home/runner/work/water-tracker-hydration/water-tracker-hydration/utils/backup.ts","statementMap":{"0":{"start":{"line":23,"column":23},"end":{"line":23,"column":30}},"1":{"start":{"line":29,"column":2},"end":{"line":51,"column":3}},"2":{"start":{"line":30,"column":22},"end":{"line":30,"column":61}},"3":{"start":{"line":31,"column":22},"end":{"line":31,"column":61}},"4":{"start":{"line":32,"column":29},"end":{"line":32,"column":75}},"5":{"start":{"line":33,"column":27},"end":{"line":33,"column":71}},"6":{"start":{"line":35,"column":31},"end":{"line":42,"column":5}},"7":{"start":{"line":44,"column":4},"end":{"line":44,"column":18}},"8":{"start":{"line":46,"column":4},"end":{"line":49,"column":7}},"9":{"start":{"line":50,"column":4},"end":{"line":50,"column":16}},"10":{"start":{"line":58,"column":2},"end":{"line":95,"column":3}},"11":{"start":{"line":60,"column":4},"end":{"line":66,"column":5}},"12":{"start":{"line":61,"column":6},"end":{"line":64,"column":9}},"13":{"start":{"line":65,"column":6},"end":{"line":65,"column":19}},"14":{"start":{"line":69,"column":4},"end":{"line":71,"column":5}},"15":{"start":{"line":70,"column":6},"end":{"line":70,"column":80}},"16":{"start":{"line":72,"column":4},"end":{"line":74,"column":5}},"17":{"start":{"line":73,"column":6},"end":{"line":73,"column":80}},"18":{"start":{"line":75,"column":4},"end":{"line":80,"column":5}},"19":{"start":{"line":76,"column":6},"end":{"line":79,"column":8}},"20":{"start":{"line":81,"column":4},"end":{"line":86,"column":5}},"21":{"start":{"line":82,"column":6},"end":{"line":85,"column":8}},"22":{"start":{"line":88,"column":4},"end":{"line":88,"column":16}},"23":{"start":{"line":90,"column":4},"end":{"line":93,"column":7}},"24":{"start":{"line":94,"column":4},"end":{"line":94,"column":17}},"25":{"start":{"line":102,"column":2},"end":{"line":113,"column":3}},"26":{"start":{"line":103,"column":19},"end":{"line":103,"column":39}},"27":{"start":{"line":104,"column":4},"end":{"line":104,"column":29}},"28":{"start":{"line":104,"column":17},"end":{"line":104,"column":29}},"29":{"start":{"line":106,"column":4},"end":{"line":106,"column":43}},"30":{"start":{"line":108,"column":4},"end":{"line":111,"column":7}},"31":{"start":{"line":112,"column":4},"end":{"line":112,"column":16}},"32":{"start":{"line":120,"column":2},"end":{"line":122,"column":3}},"33":{"start":{"line":121,"column":4},"end":{"line":121,"column":31}},"34":{"start":{"line":124,"column":18},"end":{"line":124,"column":37}},"35":{"start":{"line":125,"column":15},"end":{"line":130,"column":15}},"36":{"start":{"line":127,"column":21},"end":{"line":127,"column":39}},"37":{"start":{"line":128,"column":6},"end":{"line":128,"column":33}},"38":{"start":{"line":132,"column":2},"end":{"line":132,"column":24}},"39":{"start":{"line":139,"column":2},"end":{"line":153,"column":3}},"40":{"start":{"line":140,"column":22},"end":{"line":140,"column":61}},"41":{"start":{"line":141,"column":4},"end":{"line":143,"column":5}},"42":{"start":{"line":142,"column":6},"end":{"line":142,"column":33}},"43":{"start":{"line":145,"column":19},"end":{"line":145,"column":40}},"44":{"start":{"line":146,"column":4},"end":{"line":146,"column":37}},"45":{"start":{"line":148,"column":4},"end":{"line":151,"column":7}},"46":{"start":{"line":152,"column":4},"end":{"line":152,"column":16}},"47":{"start":{"line":160,"column":2},"end":{"line":191,"column":3}},"48":{"start":{"line":161,"column":18},"end":{"line":161,"column":47}},"49":{"start":{"line":162,"column":4},"end":{"line":164,"column":5}},"50":{"start":{"line":163,"column":6},"end":{"line":163,"column":16}},"51":{"start":{"line":167,"column":22},"end":{"line":167,"column":36}},"52":{"start":{"line":168,"column":43},"end":{"line":168,"column":45}},"53":{"start":{"line":170,"column":4},"end":{"line":182,"column":7}},"54":{"start":{"line":171,"column":29},"end":{"line":171,"column":65}},"55":{"start":{"line":171,"column":56},"end":{"line":171,"column":64}},"56":{"start":{"line":172,"column":6},"end":{"line":181,"column":7}},"57":{"start":{"line":174,"column":8},"end":{"line":180,"column":9}},"58":{"start":{"line":176,"column":34},"end":{"line":176,"column":67}},"59":{"start":{"line":177,"column":10},"end":{"line":179,"column":12}},"60":{"start":{"line":184,"column":4},"end":{"line":184,"column":24}},"61":{"start":{"line":186,"column":4},"end":{"line":189,"column":7}},"62":{"start":{"line":190,"column":4},"end":{"line":190,"column":14}},"63":{"start":{"line":198,"column":2},"end":{"line":207,"column":3}},"64":{"start":{"line":199,"column":31},"end":{"line":199,"column":54}},"65":{"start":{"line":200,"column":4},"end":{"line":200,"column":39}},"66":{"start":{"line":202,"column":4},"end":{"line":205,"column":7}},"67":{"start":{"line":206,"column":4},"end":{"line":206,"column":17}},"68":{"start":{"line":214,"column":2},"end":{"line":237,"column":3}},"69":{"start":{"line":215,"column":25},"end":{"line":215,"column":59}},"70":{"start":{"line":216,"column":4},"end":{"line":222,"column":5}},"71":{"start":{"line":217,"column":6},"end":{"line":220,"column":9}},"72":{"start":{"line":221,"column":6},"end":{"line":221,"column":19}},"73":{"start":{"line":225,"column":25},"end":{"line":225,"column":64}},"74":{"start":{"line":226,"column":21},"end":{"line":226,"column":65}},"75":{"start":{"line":227,"column":19},"end":{"line":227,"column":51}},"76":{"start":{"line":229,"column":4},"end":{"line":229,"column":68}},"77":{"start":{"line":230,"column":4},"end":{"line":230,"column":16}},"78":{"start":{"line":232,"column":4},"end":{"line":235,"column":7}},"79":{"start":{"line":236,"column":4},"end":{"line":236,"column":17}},"80":{"start":{"line":244,"column":2},"end":{"line":261,"column":3}},"81":{"start":{"line":245,"column":19},"end":{"line":245,"column":39}},"82":{"start":{"line":246,"column":4},"end":{"line":246,"column":30}},"83":{"start":{"line":246,"column":17},"end":{"line":246,"column":30}},"84":{"start":{"line":248,"column":22},"end":{"line":248,"column":76}},"85":{"start":{"line":249,"column":4},"end":{"line":249,"column":66}},"86":{"start":{"line":252,"column":4},"end":{"line":252,"column":32}},"87":{"start":{"line":254,"column":4},"end":{"line":254,"column":16}},"88":{"start":{"line":256,"column":4},"end":{"line":259,"column":7}},"89":{"start":{"line":260,"column":4},"end":{"line":260,"column":17}},"90":{"start":{"line":268,"column":2},"end":{"line":285,"column":3}},"91":{"start":{"line":269,"column":20},"end":{"line":269,"column":51}},"92":{"start":{"line":270,"column":23},"end":{"line":273,"column":16}},"93":{"start":{"line":271,"column":23},"end":{"line":271,"column":52}},"94":{"start":{"line":276,"column":4},"end":{"line":279,"column":5}},"95":{"start":{"line":277,"column":27},"end":{"line":277,"column":46}},"96":{"start":{"line":278,"column":6},"end":{"line":278,"column":51}},"97":{"start":{"line":281,"column":4},"end":{"line":284,"column":7}},"98":{"start":{"line":292,"column":2},"end":{"line":304,"column":3}},"99":{"start":{"line":293,"column":20},"end":{"line":293,"column":51}},"100":{"start":{"line":294,"column":4},"end":{"line":297,"column":17}},"101":{"start":{"line":295,"column":23},"end":{"line":295,"column":52}},"102":{"start":{"line":299,"column":4},"end":{"line":302,"column":7}},"103":{"start":{"line":303,"column":4},"end":{"line":303,"column":14}},"104":{"start":{"line":311,"column":2},"end":{"line":323,"column":3}},"105":{"start":{"line":312,"column":23},"end":{"line":312,"column":60}},"106":{"start":{"line":313,"column":4},"end":{"line":313,"column":34}},"107":{"start":{"line":313,"column":21},"end":{"line":313,"column":34}},"108":{"start":{"line":315,"column":31},"end":{"line":315,"column":53}},"109":{"start":{"line":316,"column":4},"end":{"line":316,"column":39}},"110":{"start":{"line":318,"column":4},"end":{"line":321,"column":7}},"111":{"start":{"line":322,"column":4},"end":{"line":322,"column":17}}},"fnMap":{"0":{"name":"createBackup","decl":{"start":{"line":28,"column":22},"end":{"line":28,"column":34}},"loc":{"start":{"line":28,"column":65},"end":{"line":52,"column":1}},"line":28},"1":{"name":"restoreBackup","decl":{"start":{"line":57,"column":22},"end":{"line":57,"column":35}},"loc":{"start":{"line":57,"column":74},"end":{"line":96,"column":1}},"line":57},"2":{"name":"exportToJSON","decl":{"start":{"line":101,"column":22},"end":{"line":101,"column":34}},"loc":{"start":{"line":101,"column":61},"end":{"line":114,"column":1}},"line":101},"3":{"name":"waterHistoryToCSV","decl":{"start":{"line":119,"column":16},"end":{"line":119,"column":33}},"loc":{"start":{"line":119,"column":66},"end":{"line":133,"column":1}},"line":119},"4":{"name":"(anonymous_4)","decl":{"start":{"line":126,"column":9},"end":{"line":126,"column":10}},"loc":{"start":{"line":126,"column":27},"end":{"line":129,"column":5}},"line":126},"5":{"name":"exportToCSV","decl":{"start":{"line":138,"column":22},"end":{"line":138,"column":33}},"loc":{"start":{"line":138,"column":60},"end":{"line":154,"column":1}},"line":138},"6":{"name":"parseCSVToWaterHistory","decl":{"start":{"line":159,"column":16},"end":{"line":159,"column":38}},"loc":{"start":{"line":159,"column":77},"end":{"line":192,"column":1}},"line":159},"7":{"name":"(anonymous_7)","decl":{"start":{"line":170,"column":22},"end":{"line":170,"column":23}},"loc":{"start":{"line":170,"column":32},"end":{"line":182,"column":5}},"line":170},"8":{"name":"(anonymous_8)","decl":{"start":{"line":171,"column":49},"end":{"line":171,"column":50}},"loc":{"start":{"line":171,"column":56},"end":{"line":171,"column":64}},"line":171},"9":{"name":"importFromJSON","decl":{"start":{"line":197,"column":22},"end":{"line":197,"column":36}},"loc":{"start":{"line":197,"column":76},"end":{"line":208,"column":1}},"line":197},"10":{"name":"importFromCSV","decl":{"start":{"line":213,"column":22},"end":{"line":213,"column":35}},"loc":{"start":{"line":213,"column":74},"end":{"line":238,"column":1}},"line":213},"11":{"name":"createAutoBackup","decl":{"start":{"line":243,"column":22},"end":{"line":243,"column":38}},"loc":{"start":{"line":243,"column":59},"end":{"line":262,"column":1}},"line":243},"12":{"name":"cleanOldAutoBackups","decl":{"start":{"line":267,"column":15},"end":{"line":267,"column":34}},"loc":{"start":{"line":267,"column":52},"end":{"line":286,"column":1}},"line":267},"13":{"name":"(anonymous_13)","decl":{"start":{"line":271,"column":14},"end":{"line":271,"column":15}},"loc":{"start":{"line":271,"column":23},"end":{"line":271,"column":52}},"line":271},"14":{"name":"getAutoBackups","decl":{"start":{"line":291,"column":22},"end":{"line":291,"column":36}},"loc":{"start":{"line":291,"column":58},"end":{"line":305,"column":1}},"line":291},"15":{"name":"(anonymous_15)","decl":{"start":{"line":295,"column":14},"end":{"line":295,"column":15}},"loc":{"start":{"line":295,"column":23},"end":{"line":295,"column":52}},"line":295},"16":{"name":"restoreAutoBackup","decl":{"start":{"line":310,"column":22},"end":{"line":310,"column":39}},"loc":{"start":{"line":310,"column":77},"end":{"line":324,"column":1}},"line":310}},"branchMap":{"0":{"loc":{"start":{"line":36,"column":17},"end":{"line":36,"column":57}},"type":"cond-expr","locations":[{"start":{"line":36,"column":29},"end":{"line":36,"column":50}},{"start":{"line":36,"column":53},"end":{"line":36,"column":57}}],"line":36},"1":{"loc":{"start":{"line":37,"column":17},"end":{"line":37,"column":57}},"type":"cond-expr","locations":[{"start":{"line":37,"column":29},"end":{"line":37,"column":50}},{"start":{"line":37,"column":53},"end":{"line":37,"column":57}}],"line":37},"2":{"loc":{"start":{"line":38,"column":24},"end":{"line":38,"column":78}},"type":"cond-expr","locations":[{"start":{"line":38,"column":43},"end":{"line":38,"column":71}},{"start":{"line":38,"column":74},"end":{"line":38,"column":78}}],"line":38},"3":{"loc":{"start":{"line":39,"column":22},"end":{"line":39,"column":72}},"type":"cond-expr","locations":[{"start":{"line":39,"column":39},"end":{"line":39,"column":65}},{"start":{"line":39,"column":68},"end":{"line":39,"column":72}}],"line":39},"4":{"loc":{"start":{"line":60,"column":4},"end":{"line":66,"column":5}},"type":"if","locations":[{"start":{"line":60,"column":4},"end":{"line":66,"column":5}},{"start":{},"end":{}}],"line":60},"5":{"loc":{"start":{"line":60,"column":8},"end":{"line":60,"column":34}},"type":"binary-expr","locations":[{"start":{"line":60,"column":8},"end":{"line":60,"column":15}},{"start":{"line":60,"column":19},"end":{"line":60,"column":34}}],"line":60},"6":{"loc":{"start":{"line":69,"column":4},"end":{"line":71,"column":5}},"type":"if","locations":[{"start":{"line":69,"column":4},"end":{"line":71,"column":5}},{"start":{},"end":{}}],"line":69},"7":{"loc":{"start":{"line":72,"column":4},"end":{"line":74,"column":5}},"type":"if","locations":[{"start":{"line":72,"column":4},"end":{"line":74,"column":5}},{"start":{},"end":{}}],"line":72},"8":{"loc":{"start":{"line":75,"column":4},"end":{"line":80,"column":5}},"type":"if","locations":[{"start":{"line":75,"column":4},"end":{"line":80,"column":5}},{"start":{},"end":{}}],"line":75},"9":{"loc":{"start":{"line":81,"column":4},"end":{"line":86,"column":5}},"type":"if","locations":[{"start":{"line":81,"column":4},"end":{"line":86,"column":5}},{"start":{},"end":{}}],"line":81},"10":{"loc":{"start":{"line":104,"column":4},"end":{"line":104,"column":29}},"type":"if","locations":[{"start":{"line":104,"column":4},"end":{"line":104,"column":29}},{"start":{},"end":{}}],"line":104},"11":{"loc":{"start":{"line":120,"column":2},"end":{"line":122,"column":3}},"type":"if","locations":[{"start":{"line":120,"column":2},"end":{"line":122,"column":3}},{"start":{},"end":{}}],"line":120},"12":{"loc":{"start":{"line":120,"column":6},"end":{"line":120,"column":49}},"type":"binary-expr","locations":[{"start":{"line":120,"column":6},"end":{"line":120,"column":16}},{"start":{"line":120,"column":20},"end":{"line":120,"column":49}}],"line":120},"13":{"loc":{"start":{"line":127,"column":21},"end":{"line":127,"column":39}},"type":"binary-expr","locations":[{"start":{"line":127,"column":21},"end":{"line":127,"column":32}},{"start":{"line":127,"column":36},"end":{"line":127,"column":39}}],"line":127},"14":{"loc":{"start":{"line":141,"column":4},"end":{"line":143,"column":5}},"type":"if","locations":[{"start":{"line":141,"column":4},"end":{"line":143,"column":5}},{"start":{},"end":{}}],"line":141},"15":{"loc":{"start":{"line":162,"column":4},"end":{"line":164,"column":5}},"type":"if","locations":[{"start":{"line":162,"column":4},"end":{"line":164,"column":5}},{"start":{},"end":{}}],"line":162},"16":{"loc":{"start":{"line":172,"column":6},"end":{"line":181,"column":7}},"type":"if","locations":[{"start":{"line":172,"column":6},"end":{"line":181,"column":7}},{"start":{},"end":{}}],"line":172},"17":{"loc":{"start":{"line":172,"column":10},"end":{"line":172,"column":24}},"type":"binary-expr","locations":[{"start":{"line":172,"column":10},"end":{"line":172,"column":14}},{"start":{"line":172,"column":18},"end":{"line":172,"column":24}}],"line":172},"18":{"loc":{"start":{"line":174,"column":8},"end":{"line":180,"column":9}},"type":"if","locations":[{"start":{"line":174,"column":8},"end":{"line":180,"column":9}},{"start":{},"end":{}}],"line":174},"19":{"loc":{"start":{"line":216,"column":4},"end":{"line":222,"column":5}},"type":"if","locations":[{"start":{"line":216,"column":4},"end":{"line":222,"column":5}},{"start":{},"end":{}}],"line":216},"20":{"loc":{"start":{"line":216,"column":8},"end":{"line":216,"column":63}},"type":"binary-expr","locations":[{"start":{"line":216,"column":8},"end":{"line":216,"column":21}},{"start":{"line":216,"column":25},"end":{"line":216,"column":63}}],"line":216},"21":{"loc":{"start":{"line":226,"column":21},"end":{"line":226,"column":65}},"type":"cond-expr","locations":[{"start":{"line":226,"column":36},"end":{"line":226,"column":60}},{"start":{"line":226,"column":63},"end":{"line":226,"column":65}}],"line":226},"22":{"loc":{"start":{"line":246,"column":4},"end":{"line":246,"column":30}},"type":"if","locations":[{"start":{"line":246,"column":4},"end":{"line":246,"column":30}},{"start":{},"end":{}}],"line":246},"23":{"loc":{"start":{"line":276,"column":4},"end":{"line":279,"column":5}},"type":"if","locations":[{"start":{"line":276,"column":4},"end":{"line":279,"column":5}},{"start":{},"end":{}}],"line":276},"24":{"loc":{"start":{"line":313,"column":4},"end":{"line":313,"column":34}},"type":"if","locations":[{"start":{"line":313,"column":4},"end":{"line":313,"column":34}},{"start":{},"end":{}}],"line":313}},"s":{"0":2,"1":2,"2":2,"3":2,"4":2,"5":2,"6":2,"7":2,"8":0,"9":0,"10":3,"11":3,"12":1,"13":1,"14":2,"15":2,"16":2,"17":1,"18":2,"19":1,"20":2,"21":1,"22":2,"23":0,"24":0,"25":1,"26":1,"27":1,"28":0,"29":1,"30":0,"31":0,"32":6,"33":1,"34":5,"35":5,"36":11,"37":11,"38":5,"39":1,"40":1,"41":1,"42":0,"43":1,"44":1,"45":0,"46":0,"47":12,"48":12,"49":12,"50":3,"51":9,"52":9,"53":9,"54":24,"55":48,"56":24,"57":22,"58":21,"59":21,"60":9,"61":0,"62":0,"63":2,"64":2,"65":1,"66":1,"67":1,"68":3,"69":3,"70":3,"71":1,"72":1,"73":2,"74":2,"75":2,"76":2,"77":2,"78":0,"79":0,"80":0,"81":0,"82":0,"83":0,"84":0,"85":0,"86":0,"87":0,"88":0,"89":0,"90":0,"91":0,"92":0,"93":0,"94":0,"95":0,"96":0,"97":0,"98":0,"99":0,"100":0,"101":0,"102":0,"103":0,"104":0,"105":0,"106":0,"107":0,"108":0,"109":0,"110":0,"111":0},"f":{"0":2,"1":3,"2":1,"3":6,"4":11,"5":1,"6":12,"7":24,"8":48,"9":2,"10":3,"11":0,"12":0,"13":0,"14":0,"15":0,"16":0},"b":{"0":[2,0],"1":[1,1],"2":[1,1],"3":[1,1],"4":[1,2],"5":[3,3],"6":[2,0],"7":[1,1],"8":[1,1],"9":[1,1],"10":[0,1],"11":[1,5],"12":[6,5],"13":[11,1],"14":[0,1],"15":[3,9],"16":[22,2],"17":[24,23],"18":[21,1],"19":[1,2],"20":[3,3],"21":[1,1],"22":[0,0],"23":[0,0],"24":[0,0]},"_coverageSchema":"1a1c01bbd47fc00a2c39e90264f33305004495a9","hash":"1c383d393a5424aa0dd10604b541776177707905"}
,"/home/runner/work/water-tracker-hydration/water-tracker-hydration/utils/date.ts": {"path":"/home/runner/work/water-tracker-hydration/water-tracker-hydration/utils/date.ts","statementMap":{"0":{"start":{"line":6,"column":2},"end":{"line":14,"column":3}},"1":{"start":{"line":7,"column":4},"end":{"line":7,"column":34}},"2":{"start":{"line":9,"column":4},"end":{"line":12,"column":7}},"3":{"start":{"line":13,"column":4},"end":{"line":13,"column":47}},"4":{"start":{"line":22,"column":2},"end":{"line":41,"column":3}},"5":{"start":{"line":23,"column":4},"end":{"line":25,"column":5}},"6":{"start":{"line":24,"column":6},"end":{"line":24,"column":18}},"7":{"start":{"line":26,"column":22},"end":{"line":26,"column":45}},"8":{"start":{"line":27,"column":4},"end":{"line":33,"column":5}},"9":{"start":{"line":28,"column":6},"end":{"line":31,"column":9}},"10":{"start":{"line":32,"column":6},"end":{"line":32,"column":18}},"11":{"start":{"line":34,"column":4},"end":{"line":34,"column":32}},"12":{"start":{"line":36,"column":4},"end":{"line":39,"column":7}},"13":{"start":{"line":40,"column":4},"end":{"line":40,"column":16}},"14":{"start":{"line":48,"column":2},"end":{"line":64,"column":3}},"15":{"start":{"line":49,"column":22},"end":{"line":49,"column":33}},"16":{"start":{"line":50,"column":4},"end":{"line":56,"column":5}},"17":{"start":{"line":51,"column":6},"end":{"line":54,"column":9}},"18":{"start":{"line":55,"column":6},"end":{"line":55,"column":36}},"19":{"start":{"line":57,"column":4},"end":{"line":57,"column":36}},"20":{"start":{"line":59,"column":4},"end":{"line":62,"column":7}},"21":{"start":{"line":63,"column":4},"end":{"line":63,"column":34}}},"fnMap":{"0":{"name":"getToday","decl":{"start":{"line":5,"column":16},"end":{"line":5,"column":24}},"loc":{"start":{"line":5,"column":55},"end":{"line":15,"column":1}},"line":5},"1":{"name":"convertDateFormat","decl":{"start":{"line":17,"column":16},"end":{"line":17,"column":33}},"loc":{"start":{"line":21,"column":2},"end":{"line":42,"column":1}},"line":21},"2":{"name":"convertDateToFormat","decl":{"start":{"line":44,"column":16},"end":{"line":44,"column":35}},"loc":{"start":{"line":47,"column":2},"end":{"line":65,"column":1}},"line":47}},"branchMap":{"0":{"loc":{"start":{"line":5,"column":25},"end":{"line":5,"column":53}},"type":"default-arg","locations":[{"start":{"line":5,"column":34},"end":{"line":5,"column":53}}],"line":5},"1":{"loc":{"start":{"line":23,"column":4},"end":{"line":25,"column":5}},"type":"if","locations":[{"start":{"line":23,"column":4},"end":{"line":25,"column":5}},{"start":{},"end":{}}],"line":23},"2":{"loc":{"start":{"line":27,"column":4},"end":{"line":33,"column":5}},"type":"if","locations":[{"start":{"line":27,"column":4},"end":{"line":33,"column":5}},{"start":{},"end":{}}],"line":27},"3":{"loc":{"start":{"line":46,"column":2},"end":{"line":46,"column":30}},"type":"default-arg","locations":[{"start":{"line":46,"column":11},"end":{"line":46,"column":30}}],"line":46},"4":{"loc":{"start":{"line":50,"column":4},"end":{"line":56,"column":5}},"type":"if","locations":[{"start":{"line":50,"column":4},"end":{"line":56,"column":5}},{"start":{},"end":{}}],"line":50}},"s":{"0":0,"1":0,"2":0,"3":0,"4":0,"5":0,"6":0,"7":0,"8":0,"9":0,"10":0,"11":0,"12":0,"13":0,"14":0,"15":0,"16":0,"17":0,"18":0,"19":0,"20":0,"21":0},"f":{"0":0,"1":0,"2":0},"b":{"0":[0],"1":[0,0],"2":[0,0],"3":[0],"4":[0,0]}}
,"/home/runner/work/water-tracker-hydration/water-tracker-hydration/utils/errorLogging.ts": {"path":"/home/runner/work/water-tracker-hydration/water-tracker-hydration/utils/errorLogging.ts","statementMap":{"0":{"start":{"line":19,"column":23},"end":{"line":19,"column":77}},"1":{"start":{"line":20,"column":21},"end":{"line":20,"column":69}},"2":{"start":{"line":22,"column":19},"end":{"line":30,"column":3}},"3":{"start":{"line":33,"column":2},"end":{"line":38,"column":5}},"4":{"start":{"line":50,"column":2},"end":{"line":54,"column":5}},"5":{"start":{"line":73,"column":2},"end":{"line":77,"column":5}},"6":{"start":{"line":100,"column":2},"end":{"line":105,"column":3}},"7":{"start":{"line":101,"column":4},"end":{"line":101,"column":29}},"8":{"start":{"line":103,"column":4},"end":{"line":103,"column":29}},"9":{"start":{"line":104,"column":4},"end":{"line":104,"column":21}}},"fnMap":{"0":{"name":"logError","decl":{"start":{"line":18,"column":16},"end":{"line":18,"column":24}},"loc":{"start":{"line":18,"column":70},"end":{"line":42,"column":1}},"line":18},"1":{"name":"logWarning","decl":{"start":{"line":49,"column":16},"end":{"line":49,"column":26}},"loc":{"start":{"line":49,"column":73},"end":{"line":65,"column":1}},"line":49},"2":{"name":"logInfo","decl":{"start":{"line":72,"column":16},"end":{"line":72,"column":23}},"loc":{"start":{"line":72,"column":70},"end":{"line":88,"column":1}},"line":72},"3":{"name":"withErrorLogging","decl":{"start":{"line":96,"column":22},"end":{"line":96,"column":38}},"loc":{"start":{"line":99,"column":26},"end":{"line":106,"column":1}},"line":99}},"branchMap":{"0":{"loc":{"start":{"line":19,"column":23},"end":{"line":19,"column":77}},"type":"cond-expr","locations":[{"start":{"line":19,"column":48},"end":{"line":19,"column":61}},{"start":{"line":19,"column":64},"end":{"line":19,"column":77}}],"line":19},"1":{"loc":{"start":{"line":20,"column":21},"end":{"line":20,"column":69}},"type":"cond-expr","locations":[{"start":{"line":20,"column":46},"end":{"line":20,"column":57}},{"start":{"line":20,"column":60},"end":{"line":20,"column":69}}],"line":20}},"s":{"0":1,"1":1,"2":1,"3":1,"4":2,"5":0,"6":0,"7":0,"8":0,"9":0},"f":{"0":1,"1":2,"2":0,"3":0},"b":{"0":[1,0],"1":[1,0]},"_coverageSchema":"1a1c01bbd47fc00a2c39e90264f33305004495a9","hash":"adf6f14709b84665234fbfdf740b407cc4df2300"}
,"/home/runner/work/water-tracker-hydration/water-tracker-hydration/utils/numbers.ts": {"path":"/home/runner/work/water-tracker-hydration/water-tracker-hydration/utils/numbers.ts","statementMap":{"0":{"start":{"line":2,"column":2},"end":{"line":2,"column":35}},"1":{"start":{"line":6,"column":18},"end":{"line":6,"column":33}},"2":{"start":{"line":7,"column":15},"end":{"line":7,"column":27}},"3":{"start":{"line":8,"column":2},"end":{"line":8,"column":65}}},"fnMap":{"0":{"name":"roundToTen","decl":{"start":{"line":1,"column":16},"end":{"line":1,"column":26}},"loc":{"start":{"line":1,"column":40},"end":{"line":3,"column":1}},"line":1},"1":{"name":"roundBy","decl":{"start":{"line":5,"column":16},"end":{"line":5,"column":23}},"loc":{"start":{"line":5,"column":49},"end":{"line":9,"column":1}},"line":5}},"branchMap":{"0":{"loc":{"start":{"line":8,"column":9},"end":{"line":8,"column":64}},"type":"cond-expr","locations":[{"start":{"line":8,"column":26},"end":{"line":8,"column":47}},{"start":{"line":8,"column":50},"end":{"line":8,"column":64}}],"line":8}},"s":{"0":16,"1":19,"2":19,"3":19},"f":{"0":16,"1":19},"b":{"0":[9,10]},"_coverageSchema":"1a1c01bbd47fc00a2c39e90264f33305004495a9","hash":"8fa04182159ceae771bf217952e4a5e780c7f972"}
,"/home/runner/work/water-tracker-hydration/water-tracker-hydration/utils/validation.ts": {"path":"/home/runner/work/water-tracker-hydration/water-tracker-hydration/utils/validation.ts","statementMap":{"0":{"start":{"line":11,"column":14},"end":{"line":11,"column":67}},"1":{"start":{"line":12,"column":2},"end":{"line":12,"column":33}},"2":{"start":{"line":21,"column":14},"end":{"line":21,"column":67}},"3":{"start":{"line":22,"column":2},"end":{"line":22,"column":32}},"4":{"start":{"line":31,"column":20},"end":{"line":31,"column":55}},"5":{"start":{"line":32,"column":2},"end":{"line":32,"column":31}},"6":{"start":{"line":41,"column":2},"end":{"line":41,"column":62}},"7":{"start":{"line":54,"column":14},"end":{"line":54,"column":67}},"8":{"start":{"line":55,"column":2},"end":{"line":57,"column":3}},"9":{"start":{"line":56,"column":4},"end":{"line":56,"column":24}},"10":{"start":{"line":58,"column":2},"end":{"line":58,"column":24}},"11":{"start":{"line":71,"column":14},"end":{"line":71,"column":67}},"12":{"start":{"line":72,"column":2},"end":{"line":74,"column":3}},"13":{"start":{"line":73,"column":4},"end":{"line":73,"column":24}},"14":{"start":{"line":75,"column":2},"end":{"line":75,"column":24}}},"fnMap":{"0":{"name":"isNonNegativeNumber","decl":{"start":{"line":10,"column":16},"end":{"line":10,"column":35}},"loc":{"start":{"line":10,"column":69},"end":{"line":13,"column":1}},"line":10},"1":{"name":"isPositiveNumber","decl":{"start":{"line":20,"column":16},"end":{"line":20,"column":32}},"loc":{"start":{"line":20,"column":66},"end":{"line":23,"column":1}},"line":20},"2":{"name":"isValidTimeFormat","decl":{"start":{"line":30,"column":16},"end":{"line":30,"column":33}},"loc":{"start":{"line":30,"column":58},"end":{"line":33,"column":1}},"line":30},"3":{"name":"isNonEmptyString","decl":{"start":{"line":40,"column":16},"end":{"line":40,"column":32}},"loc":{"start":{"line":40,"column":58},"end":{"line":42,"column":1}},"line":40},"4":{"name":"sanitizeNonNegativeNumber","decl":{"start":{"line":50,"column":16},"end":{"line":50,"column":41}},"loc":{"start":{"line":53,"column":10},"end":{"line":59,"column":1}},"line":53},"5":{"name":"sanitizePositiveNumber","decl":{"start":{"line":67,"column":16},"end":{"line":67,"column":38}},"loc":{"start":{"line":70,"column":10},"end":{"line":76,"column":1}},"line":70}},"branchMap":{"0":{"loc":{"start":{"line":11,"column":14},"end":{"line":11,"column":67}},"type":"cond-expr","locations":[{"start":{"line":11,"column":42},"end":{"line":11,"column":59}},{"start":{"line":11,"column":62},"end":{"line":11,"column":67}}],"line":11},"1":{"loc":{"start":{"line":12,"column":9},"end":{"line":12,"column":32}},"type":"binary-expr","locations":[{"start":{"line":12,"column":9},"end":{"line":12,"column":20}},{"start":{"line":12,"column":24},"end":{"line":12,"column":32}}],"line":12},"2":{"loc":{"start":{"line":21,"column":14},"end":{"line":21,"column":67}},"type":"cond-expr","locations":[{"start":{"line":21,"column":42},"end":{"line":21,"column":59}},{"start":{"line":21,"column":62},"end":{"line":21,"column":67}}],"line":21},"3":{"loc":{"start":{"line":22,"column":9},"end":{"line":22,"column":31}},"type":"binary-expr","locations":[{"start":{"line":22,"column":9},"end":{"line":22,"column":20}},{"start":{"line":22,"column":24},"end":{"line":22,"column":31}}],"line":22},"4":{"loc":{"start":{"line":41,"column":9},"end":{"line":41,"column":61}},"type":"binary-expr","locations":[{"start":{"line":41,"column":9},"end":{"line":41,"column":34}},{"start":{"line":41,"column":38},"end":{"line":41,"column":61}}],"line":41},"5":{"loc":{"start":{"line":52,"column":2},"end":{"line":52,"column":28}},"type":"default-arg","locations":[{"start":{"line":52,"column":25},"end":{"line":52,"column":28}}],"line":52},"6":{"loc":{"start":{"line":54,"column":14},"end":{"line":54,"column":67}},"type":"cond-expr","locations":[{"start":{"line":54,"column":42},"end":{"line":54,"column":59}},{"start":{"line":54,"column":62},"end":{"line":54,"column":67}}],"line":54},"7":{"loc":{"start":{"line":55,"column":2},"end":{"line":57,"column":3}},"type":"if","locations":[{"start":{"line":55,"column":2},"end":{"line":57,"column":3}},{"start":{},"end":{}}],"line":55},"8":{"loc":{"start":{"line":55,"column":6},"end":{"line":55,"column":27}},"type":"binary-expr","locations":[{"start":{"line":55,"column":6},"end":{"line":55,"column":16}},{"start":{"line":55,"column":20},"end":{"line":55,"column":27}}],"line":55},"9":{"loc":{"start":{"line":69,"column":2},"end":{"line":69,"column":28}},"type":"default-arg","locations":[{"start":{"line":69,"column":25},"end":{"line":69,"column":28}}],"line":69},"10":{"loc":{"start":{"line":71,"column":14},"end":{"line":71,"column":67}},"type":"cond-expr","locations":[{"start":{"line":71,"column":42},"end":{"line":71,"column":59}},{"start":{"line":71,"column":62},"end":{"line":71,"column":67}}],"line":71},"11":{"loc":{"start":{"line":72,"column":2},"end":{"line":74,"column":3}},"type":"if","locations":[{"start":{"line":72,"column":2},"end":{"line":74,"column":3}},{"start":{},"end":{}}],"line":72},"12":{"loc":{"start":{"line":72,"column":6},"end":{"line":72,"column":28}},"type":"binary-expr","locations":[{"start":{"line":72,"column":6},"end":{"line":72,"column":16}},{"start":{"line":72,"column":20},"end":{"line":72,"column":28}}],"line":72}},"s":{"0":11,"1":11,"2":11,"3":11,"4":12,"5":12,"6":9,"7":30,"8":30,"9":7,"10":23,"11":9,"12":9,"13":6,"14":3},"f":{"0":11,"1":11,"2":12,"3":9,"4":30,"5":9},"b":{"0":[5,6],"1":[11,8],"2":[6,5],"3":[11,8],"4":[9,5],"5":[27],"6":[24,6],"7":[7,23],"8":[30,27],"9":[6],"10":[3,6],"11":[6,3],"12":[9,7]},"_coverageSchema":"1a1c01bbd47fc00a2c39e90264f33305004495a9","hash":"31e409b690e4ce1b043280da54b053eb4b3e9245"}
}
