TN:
SF:stores/backup.ts
FN:43,(anonymous_0)
FN:48,(anonymous_1)
FN:85,(anonymous_2)
FN:122,(anonymous_3)
FN:154,(anonymous_4)
FN:186,(anonymous_5)
FN:203,(anonymous_6)
FN:215,(anonymous_7)
FN:231,(anonymous_8)
FN:247,(anonymous_9)
FNF:10
FNH:0
FNDA:0,(anonymous_0)
FNDA:0,(anonymous_1)
FNDA:0,(anonymous_2)
FNDA:0,(anonymous_3)
FNDA:0,(anonymous_4)
FNDA:0,(anonymous_5)
FNDA:0,(anonymous_6)
FNDA:0,(anonymous_7)
FNDA:0,(anonymous_8)
FNDA:0,(anonymous_9)
DA:43,0
DA:49,0
DA:50,0
DA:51,0
DA:52,0
DA:53,0
DA:54,0
DA:58,0
DA:59,0
DA:61,0
DA:64,0
DA:65,0
DA:66,0
DA:73,0
DA:74,0
DA:76,0
DA:80,0
DA:81,0
DA:86,0
DA:87,0
DA:88,0
DA:89,0
DA:90,0
DA:91,0
DA:95,0
DA:96,0
DA:98,0
DA:101,0
DA:102,0
DA:103,0
DA:110,0
DA:111,0
DA:113,0
DA:117,0
DA:118,0
DA:123,0
DA:124,0
DA:126,0
DA:131,0
DA:132,0
DA:133,0
DA:137,0
DA:140,0
DA:142,0
DA:143,0
DA:145,0
DA:149,0
DA:150,0
DA:155,0
DA:156,0
DA:158,0
DA:163,0
DA:164,0
DA:165,0
DA:169,0
DA:172,0
DA:174,0
DA:175,0
DA:177,0
DA:181,0
DA:182,0
DA:187,0
DA:188,0
DA:189,0
DA:190,0
DA:191,0
DA:193,0
DA:195,0
DA:199,0
DA:204,0
DA:205,0
DA:206,0
DA:208,0
DA:216,0
DA:217,0
DA:218,0
DA:219,0
DA:220,0
DA:222,0
DA:226,0
DA:227,0
DA:232,0
DA:233,0
DA:234,0
DA:235,0
DA:236,0
DA:238,0
DA:242,0
DA:243,0
DA:248,0
DA:249,0
DA:250,0
DA:251,0
DA:252,0
DA:254,0
DA:258,0
DA:259,0
LF:97
LH:0
BRDA:52,0,0,0
BRDA:52,0,1,0
BRDA:65,1,0,0
BRDA:65,1,1,0
BRDA:89,2,0,0
BRDA:89,2,1,0
BRDA:102,3,0,0
BRDA:102,3,1,0
BRDA:131,4,0,0
BRDA:131,4,1,0
BRDA:131,5,0,0
BRDA:131,5,1,0
BRDA:131,5,2,0
BRDA:163,6,0,0
BRDA:163,6,1,0
BRDA:163,7,0,0
BRDA:163,7,1,0
BRDA:163,7,2,0
BRDA:189,8,0,0
BRDA:189,8,1,0
BRF:20
BRH:0
end_of_record
TN:
SF:stores/gamification.ts
FN:142,(anonymous_0)
FN:147,(anonymous_1)
FN:154,(anonymous_2)
FN:156,(anonymous_3)
FN:194,(anonymous_4)
FN:211,(anonymous_5)
FN:231,(anonymous_6)
FN:236,(anonymous_7)
FN:271,(anonymous_8)
FN:272,(anonymous_9)
FN:275,(anonymous_10)
FN:276,(anonymous_11)
FN:279,(anonymous_12)
FN:301,(anonymous_13)
FN:303,(anonymous_14)
FN:316,(anonymous_15)
FN:317,(anonymous_16)
FN:320,(anonymous_17)
FN:332,(anonymous_18)
FNF:19
FNH:0
FNDA:0,(anonymous_0)
FNDA:0,(anonymous_1)
FNDA:0,(anonymous_2)
FNDA:0,(anonymous_3)
FNDA:0,(anonymous_4)
FNDA:0,(anonymous_5)
FNDA:0,(anonymous_6)
FNDA:0,(anonymous_7)
FNDA:0,(anonymous_8)
FNDA:0,(anonymous_9)
FNDA:0,(anonymous_10)
FNDA:0,(anonymous_11)
FNDA:0,(anonymous_12)
FNDA:0,(anonymous_13)
FNDA:0,(anonymous_14)
FNDA:0,(anonymous_15)
FNDA:0,(anonymous_16)
FNDA:0,(anonymous_17)
FNDA:0,(anonymous_18)
DA:60,0
DA:62,0
DA:142,0
DA:148,0
DA:149,0
DA:150,0
DA:151,0
DA:153,0
DA:154,0
DA:155,0
DA:156,0
DA:158,0
DA:161,0
DA:167,0
DA:171,0
DA:174,0
DA:179,0
DA:182,0
DA:186,0
DA:195,0
DA:196,0
DA:197,0
DA:198,0
DA:199,0
DA:200,0
DA:201,0
DA:203,0
DA:205,0
DA:206,0
DA:207,0
DA:210,0
DA:211,0
DA:212,0
DA:216,0
DA:231,0
DA:235,0
DA:236,0
DA:237,0
DA:241,0
DA:246,0
DA:249,0
DA:259,0
DA:260,0
DA:261,0
DA:264,0
DA:272,0
DA:276,0
DA:282,0
DA:283,0
DA:290,0
DA:291,0
DA:292,0
DA:294,0
DA:302,0
DA:303,0
DA:304,0
DA:306,0
DA:307,0
DA:309,0
DA:317,0
DA:321,0
DA:322,0
DA:323,0
DA:325,0
DA:333,0
DA:334,0
DA:335,0
DA:340,0
DA:342,0
LF:69
LH:0
BRDA:150,0,0,0
BRDA:150,0,1,0
BRDA:153,1,0,0
BRDA:153,1,1,0
BRDA:153,2,0,0
BRDA:153,2,1,0
BRDA:158,3,0,0
BRDA:158,3,1,0
BRDA:163,4,0,0
BRDA:163,4,1,0
BRDA:164,5,0,0
BRDA:164,5,1,0
BRDA:203,6,0,0
BRDA:203,6,1,0
BRDA:212,7,0,0
BRDA:212,7,1,0
BRDA:217,8,0,0
BRDA:217,8,1,0
BRDA:228,9,0,0
BRDA:228,9,1,0
BRDA:237,10,0,0
BRDA:237,10,1,0
BRDA:238,11,0,0
BRDA:238,11,1,0
BRDA:259,12,0,0
BRDA:259,12,1,0
BRDA:304,13,0,0
BRDA:304,13,1,0
BRF:28
BRH:0
end_of_record
TN:
SF:stores/onboarding.ts
FN:29,(anonymous_0)
FN:33,(anonymous_1)
FN:46,(anonymous_2)
FN:50,(anonymous_3)
FN:55,(anonymous_4)
FN:62,(anonymous_5)
FN:74,(anonymous_6)
FN:106,(anonymous_7)
FN:110,(anonymous_8)
FNF:9
FNH:0
FNDA:0,(anonymous_0)
FNDA:0,(anonymous_1)
FNDA:0,(anonymous_2)
FNDA:0,(anonymous_3)
FNDA:0,(anonymous_4)
FNDA:0,(anonymous_5)
FNDA:0,(anonymous_6)
FNDA:0,(anonymous_7)
FNDA:0,(anonymous_8)
DA:27,0
DA:29,0
DA:34,0
DA:35,0
DA:36,0
DA:38,0
DA:47,0
DA:51,0
DA:52,0
DA:56,0
DA:57,0
DA:58,0
DA:63,0
DA:64,0
DA:65,0
DA:67,0
DA:75,0
DA:76,0
DA:77,0
DA:78,0
DA:81,0
DA:82,0
DA:85,0
DA:88,0
DA:91,0
DA:97,0
DA:98,0
DA:101,0
DA:107,0
DA:111,0
DA:112,0
DA:114,0
LF:32
LH:0
BRDA:51,0,0,0
BRDA:51,0,1,0
BRDA:56,1,0,0
BRDA:56,1,1,0
BRDA:57,2,0,0
BRDA:57,2,1,0
BRDA:77,3,0,0
BRDA:77,3,1,0
BRDA:81,4,0,0
BRDA:81,4,1,0
BRDA:81,5,0,0
BRDA:81,5,1,0
BRDA:111,6,0,0
BRDA:111,6,1,0
BRF:14
BRH:0
end_of_record
TN:
SF:stores/setup.ts
FN:52,(anonymous_0)
FN:54,(anonymous_1)
FN:122,(anonymous_2)
FN:129,(anonymous_3)
FN:133,(anonymous_4)
FN:137,(anonymous_5)
FN:138,(anonymous_6)
FN:153,(anonymous_7)
FN:156,(anonymous_8)
FN:167,(anonymous_9)
FNF:10
FNH:0
FNDA:0,(anonymous_0)
FNDA:0,(anonymous_1)
FNDA:0,(anonymous_2)
FNDA:0,(anonymous_3)
FNDA:0,(anonymous_4)
FNDA:0,(anonymous_5)
FNDA:0,(anonymous_6)
FNDA:0,(anonymous_7)
FNDA:0,(anonymous_8)
FNDA:0,(anonymous_9)
DA:39,0
DA:41,0
DA:52,0
DA:55,0
DA:56,0
DA:57,0
DA:58,0
DA:61,0
DA:62,0
DA:65,0
DA:66,0
DA:68,0
DA:69,0
DA:73,0
DA:74,0
DA:76,0
DA:77,0
DA:81,0
DA:82,0
DA:86,0
DA:87,0
DA:90,0
DA:92,0
DA:96,0
DA:97,0
DA:100,0
DA:101,0
DA:104,0
DA:110,0
DA:112,0
DA:113,0
DA:115,0
DA:122,0
DA:130,0
DA:131,0
DA:134,0
DA:135,0
DA:138,0
DA:142,0
DA:143,0
DA:144,0
DA:146,0
DA:154,0
DA:157,0
DA:158,0
DA:159,0
DA:161,0
DA:168,0
DA:169,0
DA:172,0
DA:173,0
DA:178,0
DA:181,0
DA:182,0
DA:184,0
DA:185,0
DA:190,0
DA:193,0
DA:194,0
DA:195,0
DA:197,0
DA:198,0
DA:203,0
DA:206,0
DA:207,0
DA:208,0
DA:209,0
DA:211,0
DA:212,0
DA:214,0
DA:215,0
DA:218,0
DA:222,0
DA:223,0
DA:226,0
DA:228,0
DA:232,0
LF:77
LH:0
BRDA:49,0,0,0
BRDA:49,0,1,0
BRDA:57,1,0,0
BRDA:57,1,1,0
BRDA:61,2,0,0
BRDA:61,2,1,0
BRDA:61,3,0,0
BRDA:61,3,1,0
BRDA:65,4,0,0
BRDA:65,4,1,0
BRDA:68,5,0,0
BRDA:68,5,1,0
BRDA:73,6,0,0
BRDA:73,6,1,0
BRDA:73,7,0,0
BRDA:73,7,1,0
BRDA:76,8,0,0
BRDA:76,8,1,0
BRDA:76,9,0,0
BRDA:76,9,1,0
BRDA:81,10,0,0
BRDA:81,10,1,0
BRDA:81,11,0,0
BRDA:81,11,1,0
BRDA:86,12,0,0
BRDA:86,12,1,0
BRDA:86,13,0,0
BRDA:86,13,1,0
BRDA:172,14,0,0
BRDA:172,14,1,0
BRDA:172,15,0,0
BRDA:172,15,1,0
BRDA:184,16,0,0
BRDA:184,16,1,0
BRDA:184,17,0,0
BRDA:184,17,1,0
BRDA:197,18,0,0
BRDA:197,18,1,0
BRDA:211,19,0,0
BRDA:211,19,1,0
BRDA:214,20,0,0
BRDA:214,20,1,0
BRDA:222,21,0,0
BRDA:222,21,1,0
BRDA:222,22,0,0
BRDA:222,22,1,0
BRF:46
BRH:0
end_of_record
TN:
SF:stores/statistics.ts
FN:44,(anonymous_0)
FN:45,(anonymous_1)
FN:101,(anonymous_2)
FN:105,(anonymous_3)
FN:109,(anonymous_4)
FN:113,(anonymous_5)
FN:120,(anonymous_6)
FNF:7
FNH:0
FNDA:0,(anonymous_0)
FNDA:0,(anonymous_1)
FNDA:0,(anonymous_2)
FNDA:0,(anonymous_3)
FNDA:0,(anonymous_4)
FNDA:0,(anonymous_5)
FNDA:0,(anonymous_6)
DA:44,0
DA:46,0
DA:47,0
DA:49,0
DA:50,0
DA:60,0
DA:61,0
DA:62,0
DA:63,0
DA:64,0
DA:65,0
DA:67,0
DA:68,0
DA:69,0
DA:70,0
DA:71,0
DA:73,0
DA:74,0
DA:75,0
DA:76,0
DA:77,0
DA:81,0
DA:88,0
DA:89,0
DA:91,0
DA:102,0
DA:106,0
DA:110,0
DA:111,0
DA:113,0
DA:114,0
DA:117,0
DA:121,0
DA:122,0
DA:124,0
DA:126,0
DA:127,0
DA:128,0
DA:130,0
DA:131,0
DA:132,0
DA:133,0
DA:135,0
DA:136,0
DA:137,0
DA:138,0
DA:141,0
DA:142,0
DA:143,0
DA:144,0
DA:147,0
DA:151,0
DA:154,0
LF:53
LH:0
BRDA:49,0,0,0
BRDA:49,0,1,0
BRDA:60,1,0,0
BRDA:60,1,1,0
BRDA:69,2,0,0
BRDA:69,2,1,0
BRDA:70,3,0,0
BRDA:70,3,1,0
BRDA:71,4,0,0
BRDA:71,4,1,0
BRDA:73,5,0,0
BRDA:73,5,1,0
BRDA:76,6,0,0
BRDA:76,6,1,0
BRDA:88,7,0,0
BRDA:88,7,1,0
BRDA:89,8,0,0
BRDA:89,8,1,0
BRDA:111,9,0,0
BRDA:111,9,1,0
BRDA:114,10,0,0
BRDA:114,10,1,0
BRDA:117,11,0,0
BRDA:117,11,1,0
BRDA:124,12,0,0
BRDA:124,12,1,0
BRDA:132,13,0,0
BRDA:132,13,1,0
BRDA:133,14,0,0
BRDA:133,14,1,0
BRDA:135,15,0,0
BRDA:135,15,1,0
BRDA:141,16,0,0
BRDA:141,16,1,0
BRDA:151,17,0,0
BRDA:151,17,1,0
BRF:36
BRH:0
end_of_record
TN:
SF:stores/water.ts
FN:36,(anonymous_0)
FN:38,(anonymous_1)
FN:48,(anonymous_2)
FN:98,(anonymous_3)
FN:124,(anonymous_4)
FN:128,(anonymous_5)
FN:141,(anonymous_6)
FN:152,(anonymous_7)
FN:156,(anonymous_8)
FN:159,(anonymous_9)
FN:162,(anonymous_10)
FN:169,(anonymous_11)
FN:174,(anonymous_12)
FNF:13
FNH:0
FNDA:0,(anonymous_0)
FNDA:0,(anonymous_1)
FNDA:0,(anonymous_2)
FNDA:0,(anonymous_3)
FNDA:0,(anonymous_4)
FNDA:0,(anonymous_5)
FNDA:0,(anonymous_6)
FNDA:0,(anonymous_7)
FNDA:0,(anonymous_8)
FNDA:0,(anonymous_9)
FNDA:0,(anonymous_10)
FNDA:0,(anonymous_11)
FNDA:0,(anonymous_12)
DA:34,0
DA:36,0
DA:39,0
DA:40,0
DA:41,0
DA:42,0
DA:45,0
DA:47,0
DA:48,0
DA:49,0
DA:50,0
DA:55,0
DA:57,0
DA:61,0
DA:64,0
DA:65,0
DA:70,0
DA:71,0
DA:74,0
DA:80,0
DA:81,0
DA:86,0
DA:88,0
DA:89,0
DA:91,0
DA:99,0
DA:101,0
DA:102,0
DA:107,0
DA:110,0
DA:111,0
DA:112,0
DA:113,0
DA:115,0
DA:117,0
DA:125,0
DA:126,0
DA:129,0
DA:130,0
DA:131,0
DA:132,0
DA:135,0
DA:142,0
DA:143,0
DA:144,0
DA:146,0
DA:153,0
DA:154,0
DA:157,0
DA:160,0
DA:163,0
DA:164,0
DA:165,0
DA:167,0
DA:170,0
DA:171,0
DA:172,0
DA:174,0
LF:58
LH:0
BRDA:41,0,0,0
BRDA:41,0,1,0
BRDA:45,1,0,0
BRDA:45,1,1,0
BRDA:45,2,0,0
BRDA:45,2,1,0
BRDA:49,3,0,0
BRDA:49,3,1,0
BRDA:101,4,0,0
BRDA:101,4,1,0
BRDA:111,5,0,0
BRDA:111,5,1,0
BRDA:131,6,0,0
BRDA:131,6,1,0
BRDA:157,7,0,0
BRDA:157,7,1,0
BRDA:164,8,0,0
BRDA:164,8,1,0
BRDA:164,9,0,0
BRDA:164,9,1,0
BRDA:171,10,0,0
BRDA:171,10,1,0
BRF:22
BRH:0
end_of_record
TN:
SF:utils/backup.ts
FN:28,createBackup
FN:57,restoreBackup
FN:101,exportToJSON
FN:119,waterHistoryToCSV
FN:126,(anonymous_4)
FN:138,exportToCSV
FN:159,parseCSVToWaterHistory
FN:170,(anonymous_7)
FN:171,(anonymous_8)
FN:197,importFromJSON
FN:213,importFromCSV
FN:243,createAutoBackup
FN:267,cleanOldAutoBackups
FN:271,(anonymous_13)
FN:291,getAutoBackups
FN:295,(anonymous_15)
FN:310,restoreAutoBackup
FNF:17
FNH:11
FNDA:2,createBackup
FNDA:3,restoreBackup
FNDA:1,exportToJSON
FNDA:6,waterHistoryToCSV
FNDA:11,(anonymous_4)
FNDA:1,exportToCSV
FNDA:12,parseCSVToWaterHistory
FNDA:24,(anonymous_7)
FNDA:48,(anonymous_8)
FNDA:2,importFromJSON
FNDA:3,importFromCSV
FNDA:0,createAutoBackup
FNDA:0,cleanOldAutoBackups
FNDA:0,(anonymous_13)
FNDA:0,getAutoBackups
FNDA:0,(anonymous_15)
FNDA:0,restoreAutoBackup
DA:23,2
DA:29,2
DA:30,2
DA:31,2
DA:32,2
DA:33,2
DA:35,2
DA:44,2
DA:46,0
DA:50,0
DA:58,3
DA:60,3
DA:61,1
DA:65,1
DA:69,2
DA:70,2
DA:72,2
DA:73,1
DA:75,2
DA:76,1
DA:81,2
DA:82,1
DA:88,2
DA:90,0
DA:94,0
DA:102,1
DA:103,1
DA:104,1
DA:106,1
DA:108,0
DA:112,0
DA:120,6
DA:121,1
DA:124,5
DA:125,5
DA:127,11
DA:128,11
DA:132,5
DA:139,1
DA:140,1
DA:141,1
DA:142,0
DA:145,1
DA:146,1
DA:148,0
DA:152,0
DA:160,12
DA:161,12
DA:162,12
DA:163,3
DA:167,9
DA:168,9
DA:170,9
DA:171,48
DA:172,24
DA:174,22
DA:176,21
DA:177,21
DA:184,9
DA:186,0
DA:190,0
DA:198,2
DA:199,2
DA:200,1
DA:202,1
DA:206,1
DA:214,3
DA:215,3
DA:216,3
DA:217,1
DA:221,1
DA:225,2
DA:226,2
DA:227,2
DA:229,2
DA:230,2
DA:232,0
DA:236,0
DA:244,0
DA:245,0
DA:246,0
DA:248,0
DA:249,0
DA:252,0
DA:254,0
DA:256,0
DA:260,0
DA:268,0
DA:269,0
DA:270,0
DA:271,0
DA:276,0
DA:277,0
DA:278,0
DA:281,0
DA:292,0
DA:293,0
DA:294,0
DA:295,0
DA:299,0
DA:303,0
DA:311,0
DA:312,0
DA:313,0
DA:315,0
DA:316,0
DA:318,0
DA:322,0
LF:108
LH:65
BRDA:36,0,0,2
BRDA:36,0,1,0
BRDA:37,1,0,1
BRDA:37,1,1,1
BRDA:38,2,0,1
BRDA:38,2,1,1
BRDA:39,3,0,1
BRDA:39,3,1,1
BRDA:60,4,0,1
BRDA:60,4,1,2
BRDA:60,5,0,3
BRDA:60,5,1,3
BRDA:69,6,0,2
BRDA:69,6,1,0
BRDA:72,7,0,1
BRDA:72,7,1,1
BRDA:75,8,0,1
BRDA:75,8,1,1
BRDA:81,9,0,1
BRDA:81,9,1,1
BRDA:104,10,0,0
BRDA:104,10,1,1
BRDA:120,11,0,1
BRDA:120,11,1,5
BRDA:120,12,0,6
BRDA:120,12,1,5
BRDA:127,13,0,11
BRDA:127,13,1,1
BRDA:141,14,0,0
BRDA:141,14,1,1
BRDA:162,15,0,3
BRDA:162,15,1,9
BRDA:172,16,0,22
BRDA:172,16,1,2
BRDA:172,17,0,24
BRDA:172,17,1,23
BRDA:174,18,0,21
BRDA:174,18,1,1
BRDA:216,19,0,1
BRDA:216,19,1,2
BRDA:216,20,0,3
BRDA:216,20,1,3
BRDA:226,21,0,1
BRDA:226,21,1,1
BRDA:246,22,0,0
BRDA:246,22,1,0
BRDA:276,23,0,0
BRDA:276,23,1,0
BRDA:313,24,0,0
BRDA:313,24,1,0
BRF:50
BRH:40
end_of_record
TN:
SF:utils/date.ts
FN:5,getToday
FN:17,convertDateFormat
FN:44,convertDateToFormat
FNF:3
FNH:0
FNDA:0,getToday
FNDA:0,convertDateFormat
FNDA:0,convertDateToFormat
DA:6,0
DA:7,0
DA:9,0
DA:13,0
DA:22,0
DA:23,0
DA:24,0
DA:26,0
DA:27,0
DA:28,0
DA:32,0
DA:34,0
DA:36,0
DA:40,0
DA:48,0
DA:49,0
DA:50,0
DA:51,0
DA:55,0
DA:57,0
DA:59,0
DA:63,0
LF:22
LH:0
BRDA:5,0,0,0
BRDA:23,1,0,0
BRDA:23,1,1,0
BRDA:27,2,0,0
BRDA:27,2,1,0
BRDA:46,3,0,0
BRDA:50,4,0,0
BRDA:50,4,1,0
BRF:8
BRH:0
end_of_record
TN:
SF:utils/errorLogging.ts
FN:18,logError
FN:49,logWarning
FN:72,logInfo
FN:96,withErrorLogging
FNF:4
FNH:2
FNDA:1,logError
FNDA:2,logWarning
FNDA:0,logInfo
FNDA:0,withErrorLogging
DA:19,1
DA:20,1
DA:22,1
DA:33,1
DA:50,2
DA:73,0
DA:100,0
DA:101,0
DA:103,0
DA:104,0
LF:10
LH:5
BRDA:19,0,0,1
BRDA:19,0,1,0
BRDA:20,1,0,1
BRDA:20,1,1,0
BRF:4
BRH:2
end_of_record
TN:
SF:utils/numbers.ts
FN:1,roundToTen
FN:5,roundBy
FNF:2
FNH:2
FNDA:16,roundToTen
FNDA:19,roundBy
DA:2,16
DA:6,19
DA:7,19
DA:8,19
LF:4
LH:4
BRDA:8,0,0,9
BRDA:8,0,1,10
BRF:2
BRH:2
end_of_record
TN:
SF:utils/validation.ts
FN:10,isNonNegativeNumber
FN:20,isPositiveNumber
FN:30,isValidTimeFormat
FN:40,isNonEmptyString
FN:50,sanitizeNonNegativeNumber
FN:67,sanitizePositiveNumber
FNF:6
FNH:6
FNDA:11,isNonNegativeNumber
FNDA:11,isPositiveNumber
FNDA:12,isValidTimeFormat
FNDA:9,isNonEmptyString
FNDA:30,sanitizeNonNegativeNumber
FNDA:9,sanitizePositiveNumber
DA:11,11
DA:12,11
DA:21,11
DA:22,11
DA:31,12
DA:32,12
DA:41,9
DA:54,30
DA:55,30
DA:56,7
DA:58,23
DA:71,9
DA:72,9
DA:73,6
DA:75,3
LF:15
LH:15
BRDA:11,0,0,5
BRDA:11,0,1,6
BRDA:12,1,0,11
BRDA:12,1,1,8
BRDA:21,2,0,6
BRDA:21,2,1,5
BRDA:22,3,0,11
BRDA:22,3,1,8
BRDA:41,4,0,9
BRDA:41,4,1,5
BRDA:52,5,0,27
BRDA:54,6,0,24
BRDA:54,6,1,6
BRDA:55,7,0,7
BRDA:55,7,1,23
BRDA:55,8,0,30
BRDA:55,8,1,27
BRDA:69,9,0,6
BRDA:71,10,0,3
BRDA:71,10,1,6
BRDA:72,11,0,6
BRDA:72,11,1,3
BRDA:72,12,0,9
BRDA:72,12,1,7
BRF:24
BRH:24
end_of_record
